-------------------------------------------------------------------------------
Test set: org.floj.core.DumpedPrivateKeyTest
-------------------------------------------------------------------------------
Tests run: 9, Failures: 0, Errors: 1, Skipped: 0, Time elapsed: 0 sec <<< FAILURE! - in org.floj.core.DumpedPrivateKeyTest
checkNetwork(org.floj.core.DumpedPrivateKeyTest)  Time elapsed: 0 sec  <<< ERROR!
org.floj.core.WrongNetworkException: Version code of address did not match acceptable versions for network: 128 not in [163]
	at org.floj.core.DumpedPrivateKeyTest.checkNetwork(DumpedPrivateKeyTest.java:46)

