<?xml version="1.0" encoding="UTF-8"?>
<testsuite xmlns:xsi="http://www.w3.org/2001/XMLSchema-instance" xsi:schemaLocation="https://maven.apache.org/surefire/maven-surefire-plugin/xsd/surefire-test-report.xsd" name="org.floj.core.AddressTest" time="1.665" tests="15" errors="12" skipped="0" failures="2">
  <properties>
[...]
</properties>
  <testcase name="comparisonGreaterThan" classname="org.floj.core.AddressTest" time="0.002">
    <error message="Version code of address did not match acceptable versions for network: 0 not in [35, 8]" type="org.floj.core.WrongNetworkException">org.floj.core.WrongNetworkException: Version code of address did not match acceptable versions for network: 0 not in [35, 8]
	at org.floj.core.AddressTest.comparisonGreaterThan(AddressTest.java:245)
</error>
  </testcase>
  <testcase name="comparisonEqualTo" classname="org.floj.core.AddressTest" time="0">
    <error message="Version code of address did not match acceptable versions for network: 0 not in [35, 8]" type="org.floj.core.WrongNetworkException">org.floj.core.WrongNetworkException: Version code of address did not match acceptable versions for network: 0 not in [35, 8]
	at org.floj.core.AddressTest.comparisonEqualTo(AddressTest.java:227)
</error>
  </testcase>
  <testcase name="getNetwork" classname="org.floj.core.AddressTest" time="0.169">
    <error message="No network found for 17kzeh4N8g49GFvdDzSf8PjaPfyoD1MndL" type="org.floj.core.AddressFormatException">org.floj.core.AddressFormatException: No network found for 17kzeh4N8g49GFvdDzSf8PjaPfyoD1MndL
	at org.floj.core.AddressTest.getNetwork(AddressTest.java:124)
</error>
  </testcase>
  <testcase name="testJavaSerialization" classname="org.floj.core.AddressTest" time="0">
    <error message="Version code of address did not match acceptable versions for network: 111 not in [115, 198]" type="org.floj.core.WrongNetworkException">org.floj.core.WrongNetworkException: Version code of address did not match acceptable versions for network: 111 not in [115, 198]
	at org.floj.core.AddressTest.testJavaSerialization(AddressTest.java:51)
</error>
  </testcase>
  <testcase name="p2shAddressCreationFromKeys" classname="org.floj.core.AddressTest" time="0">
    <error message="Version code of address did not match acceptable versions for network: 128 not in [163]" type="org.floj.core.WrongNetworkException">org.floj.core.WrongNetworkException: Version code of address did not match acceptable versions for network: 128 not in [163]
	at org.floj.core.AddressTest.p2shAddressCreationFromKeys(AddressTest.java:188)
</error>
  </testcase>
  <testcase name="p2shAddress" classname="org.floj.core.AddressTest" time="0">
    <error message="Version code of address did not match acceptable versions for network: 5 not in [35, 8]" type="org.floj.core.WrongNetworkException">org.floj.core.WrongNetworkException: Version code of address did not match acceptable versions for network: 5 not in [35, 8]
	at org.floj.core.AddressTest.p2shAddress(AddressTest.java:162)
</error>
  </testcase>
  <testcase name="stringification" classname="org.floj.core.AddressTest" time="0.001">
    <failure message="expected:&lt;[n4eA2nbYqErp7H6jebchxAN59DmNpksexv]&gt; but was:&lt;[ofzZyDnhfxiKP1f5kGwytfTDfEo9f2NFp9]&gt;" type="org.junit.ComparisonFailure"><![CDATA[org.junit.ComparisonFailure: expected:<[n4eA2nbYqErp7H6jebchxAN59DmNpksexv]> but was:<[ofzZyDnhfxiKP1f5kGwytfTDfEo9f2NFp9]>
	at org.floj.core.AddressTest.stringification(AddressTest.java:70)
]]></failure>
  </testcase>
  <testcase name="getAltNetwork" classname="org.floj.core.AddressTest" time="0.091">
    <error message="No network found for 17kzeh4N8g49GFvdDzSf8PjaPfyoD1MndL" type="org.floj.core.AddressFormatException">org.floj.core.AddressFormatException: No network found for 17kzeh4N8g49GFvdDzSf8PjaPfyoD1MndL
	at org.floj.core.AddressTest.getAltNetwork(AddressTest.java:149)
</error>
  </testcase>
  <testcase name="decoding" classname="org.floj.core.AddressTest" time="0">
    <error message="Version code of address did not match acceptable versions for network: 111 not in [115, 198]" type="org.floj.core.WrongNetworkException">org.floj.core.WrongNetworkException: Version code of address did not match acceptable versions for network: 111 not in [115, 198]
	at org.floj.core.AddressTest.decoding(AddressTest.java:80)
</error>
  </testcase>
  <testcase name="cloning" classname="org.floj.core.AddressTest" time="0"/>
  <testcase name="comparisonCloneEqualTo" classname="org.floj.core.AddressTest" time="0">
    <error message="Version code of address did not match acceptable versions for network: 0 not in [35, 8]" type="org.floj.core.WrongNetworkException">org.floj.core.WrongNetworkException: Version code of address did not match acceptable versions for network: 0 not in [35, 8]
	at org.floj.core.AddressTest.comparisonCloneEqualTo(AddressTest.java:218)
</error>
  </testcase>
  <testcase name="comparisonLessThan" classname="org.floj.core.AddressTest" time="0">
    <error message="Version code of address did not match acceptable versions for network: 0 not in [35, 8]" type="org.floj.core.WrongNetworkException">org.floj.core.WrongNetworkException: Version code of address did not match acceptable versions for network: 0 not in [35, 8]
	at org.floj.core.AddressTest.comparisonLessThan(AddressTest.java:236)
</error>
  </testcase>
  <testcase name="roundtripBase58" classname="org.floj.core.AddressTest" time="0">
    <error message="No network found for 17kzeh4N8g49GFvdDzSf8PjaPfyoD1MndL" type="org.floj.core.AddressFormatException">org.floj.core.AddressFormatException: No network found for 17kzeh4N8g49GFvdDzSf8PjaPfyoD1MndL
	at org.floj.core.AddressTest.roundtripBase58(AddressTest.java:213)
</error>
  </testcase>
  <testcase name="errorPaths" classname="org.floj.core.AddressTest" time="0">
    <failure message="expected:&lt;0&gt; but was:&lt;35&gt;" type="java.lang.AssertionError"><![CDATA[java.lang.AssertionError: expected:<0> but was:<35>
	at org.floj.core.AddressTest.errorPaths(AddressTest.java:115)
]]></failure>
  </testcase>
  <testcase name="comparisonBytesVsString" classname="org.floj.core.AddressTest" time="0">
    <error message="Version code of address did not match acceptable versions for network: 0 not in [35, 8]" type="org.floj.core.WrongNetworkException">org.floj.core.WrongNetworkException: Version code of address did not match acceptable versions for network: 0 not in [35, 8]
	at org.floj.core.AddressTest.comparisonBytesVsString(AddressTest.java:255)
</error>
  </testcase>
</testsuite>