<?xml version="1.0" encoding="UTF-8"?>
<testsuite xmlns:xsi="http://www.w3.org/2001/XMLSchema-instance" xsi:schemaLocation="https://maven.apache.org/surefire/maven-surefire-plugin/xsd/surefire-test-report.xsd" name="org.floj.core.ECKeyTest" time="2.938" tests="22" errors="3" skipped="0" failures="2">
  <properties>
[...]
</properties>
  <testcase name="roundTripDumpedPrivKey" classname="org.floj.core.ECKeyTest" time="0"/>
  <testcase name="keyRecovery" classname="org.floj.core.ECKeyTest" time="0"/>
  <testcase name="keyRecoveryWithEncryptedKey" classname="org.floj.core.ECKeyTest" time="0.277"/>
  <testcase name="testSignatures" classname="org.floj.core.ECKeyTest" time="0"/>
  <testcase name="testGetPublicKeyAsHex" classname="org.floj.core.ECKeyTest" time="0"/>
  <testcase name="testEncryptedCreate" classname="org.floj.core.ECKeyTest" time="0.616"/>
  <testcase name="signTextMessage" classname="org.floj.core.ECKeyTest" time="0.009"/>
  <testcase name="testEncryptionIsReversible" classname="org.floj.core.ECKeyTest" time="1.088"/>
  <testcase name="base58Encoding_stress" classname="org.floj.core.ECKeyTest" time="0.005"/>
  <testcase name="testToString" classname="org.floj.core.ECKeyTest" time="0.001">
    <failure message="expected:&lt;...00000000a, priv WIF=[5HpHagT65TZzG1PH3CSu63k8DbpvD8s5ip4nEB3kEsreBoNWTw6], isEncrypted=false,...&gt; but was:&lt;...00000000a, priv WIF=[6TrLkoACuMEuyiixmVAsUGjEGbP3xnMjGBYYmR882p6DTa838yK], isEncrypted=false,...&gt;" type="org.junit.ComparisonFailure"><![CDATA[org.junit.ComparisonFailure: expected:<...00000000a, priv WIF=[5HpHagT65TZzG1PH3CSu63k8DbpvD8s5ip4nEB3kEsreBoNWTw6], isEncrypted=false,...> but was:<...00000000a, priv WIF=[6TrLkoACuMEuyiixmVAsUGjEGbP3xnMjGBYYmR882p6DTa838yK], isEncrypted=false,...>
	at org.floj.core.ECKeyTest.testToString(ECKeyTest.java:329)
]]></failure>
  </testcase>
  <testcase name="sValue" classname="org.floj.core.ECKeyTest" time="0.036"/>
  <testcase name="testASN1Roundtrip" classname="org.floj.core.ECKeyTest" time="0.04"/>
  <testcase name="base58Encoding_leadingZero" classname="org.floj.core.ECKeyTest" time="0.003"/>
  <testcase name="testCanonicalSigs" classname="org.floj.core.ECKeyTest" time="0">
    <error type="java.lang.NullPointerException">java.lang.NullPointerException
	at org.floj.core.ECKeyTest.testCanonicalSigs(ECKeyTest.java:399)
</error>
  </testcase>
  <testcase name="testUnencryptedCreate" classname="org.floj.core.ECKeyTest" time="0.57"/>
  <testcase name="testKeyPairRoundtrip" classname="org.floj.core.ECKeyTest" time="0.009"/>
  <testcase name="clear" classname="org.floj.core.ECKeyTest" time="0.279"/>
  <testcase name="verifyMessage" classname="org.floj.core.ECKeyTest" time="0.001">
    <error message="Version code of address did not match acceptable versions for network: 0 not in [35, 8]" type="org.floj.core.WrongNetworkException">org.floj.core.WrongNetworkException: Version code of address did not match acceptable versions for network: 0 not in [35, 8]
	at org.floj.core.ECKeyTest.verifyMessage(ECKeyTest.java:242)
</error>
  </testcase>
  <testcase name="testCreatedSigAndPubkeyAreCanonical" classname="org.floj.core.ECKeyTest" time="0.001"/>
  <testcase name="testNonCanonicalSigs" classname="org.floj.core.ECKeyTest" time="0">
    <error type="java.lang.NullPointerException">java.lang.NullPointerException
	at org.floj.core.ECKeyTest.testNonCanonicalSigs(ECKeyTest.java:420)
</error>
  </testcase>
  <testcase name="base58Encoding" classname="org.floj.core.ECKeyTest" time="0.001">
    <failure message="expected:&lt;[mqAJmaxMcG5pPHHc3H3NtyXzY7kGbJLuMF]&gt; but was:&lt;[oSWii29WSywKf1qx8xNeqUd948n3M2GGkJ]&gt;" type="org.junit.ComparisonFailure"><![CDATA[org.junit.ComparisonFailure: expected:<[mqAJmaxMcG5pPHHc3H3NtyXzY7kGbJLuMF]> but was:<[oSWii29WSywKf1qx8xNeqUd948n3M2GGkJ]>
	at org.floj.core.ECKeyTest.base58Encoding(ECKeyTest.java:198)
]]></failure>
  </testcase>
  <testcase name="testGetPrivateKeyAsHex" classname="org.floj.core.ECKeyTest" time="0"/>
</testsuite>