<?xml version="1.0" encoding="UTF-8"?>
<testsuite xmlns:xsi="http://www.w3.org/2001/XMLSchema-instance" xsi:schemaLocation="https://maven.apache.org/surefire/maven-surefire-plugin/xsd/surefire-test-report.xsd" name="org.floj.core.ChainSplitTest" time="1.528" tests="11" errors="0" skipped="0" failures="5">
  <properties>
[...]
</properties>
  <testcase name="testDoubleSpendOnForkPending" classname="org.floj.core.ChainSplitTest" time="0.029">
    <failure message="expected:&lt;4000000000&gt; but was:&lt;9000000000&gt;" type="java.lang.AssertionError"><![CDATA[java.lang.AssertionError: expected:<4000000000> but was:<9000000000>
	at org.floj.core.ChainSplitTest.testDoubleSpendOnForkPending(ChainSplitTest.java:378)
]]></failure>
    <system-err><![CDATA[16:34:58 1 Context.<init>: Creating bitcoinj 0.14.7 context.
16:34:58 1 MnemonicCode.toSeed: PBKDF2 took 29.63 ms
16:34:58 1 KeyChainGroup.addAndActivateHDChain: Creating and activating a new HD chain: org.floj.wallet.DeterministicKeyChain@28551755
16:34:58 1 DeterministicKeyChain.maybeLookAhead: 1 keys needed for M/0H/0 = 1 issued + 0 lookahead size + 0 lookahead threshold - 0 num children
16:34:58 1 DeterministicKeyChain.maybeLookAhead: Took 558.9 ?s
16:34:58 1 DeterministicKeyChain.maybeLookAhead: 1 keys needed for M/0H/0 = 2 issued + 0 lookahead size + 0 lookahead threshold - 1 num children
16:34:58 1 DeterministicKeyChain.maybeLookAhead: Took 303.4 ?s
16:34:58 1 AbstractBlockChain.<init>: chain head is at height 0:
 block: 
   hash: c4776e71bfa71ab208f8ef8d50493622a5210930deb47798bdfa028605a75d17
   version: 1
   previous block: 0000000000000000000000000000000000000000000000000000000000000000
   merkle root: 730f0c8ddc5a592d5512566890e2a73e45feaa6748b24b849d1c29a7ab2b2300
   time: 1524688495 (2018-04-25T20:34:55Z)
   difficulty target (nBits): 545259519
   nonce: 2

16:34:58 1 Wallet.receive: Received tx for 100.00 FLO: 1d3560e8f882599eb5f0e484b67019cfda9b2c489406871655bab59fce65ff98 [1] in block c5c781b3f2e3225992545bd3ec1a530ef0c627100cf704fdc6125883d6101342
16:34:58 1 Wallet.processTxFromBestChain:   tx 1d3560e8f882599eb5f0e484b67019cfda9b2c489406871655bab59fce65ff98 ->unspent
16:34:58 1 Wallet.receive: Balance is now: 100.00 FLO
16:34:58 14 Context.get: Performing thread fixup: you are accessing bitcoinj via a thread that has not had any context set on it.
16:34:58 14 Context.get: This error has been corrected for, but doing this makes your app less robust.
16:34:58 14 Context.get: You should use Context.propagate() or a ContextPropagatingThreadFactory.
16:34:58 14 Context.get: Please refer to the user guide for more information about this.
16:34:58 14 Context.get: Thread name is bitcoinj user thread.
16:34:58 1 Wallet.completeTx: Completing send tx with 1 outputs totalling 10.00 FLO and a fee of 0.00 FLO/kB
16:34:58 1 DeterministicKeyChain.maybeLookAhead: 1 keys needed for M/0H/1 = 1 issued + 0 lookahead size + 0 lookahead threshold - 0 num children
16:34:58 1 DeterministicKeyChain.maybeLookAhead: Took 428.8 ?s
16:34:58 1 Wallet.completeTx:   with 90.00 FLO change
16:34:58 1 Wallet.completeTx:   completed:   6bb4eb3e0b9a9b6db630eb03741ee55d0108eda3e2658d59b5f18faceb353f2c
  version 2
     in   PUSHDATA(71)[304402207e76a753565bca2b4cbee269cb4e4a2e6714c5df0d6705fbaf24bcfb39f893bd02201da24915b7a91c46d2a501a5862d7062955bed3262fa117cfe9b62abeb7770f101] PUSHDATA(33)[027ae46dcb735a5965b2d1857e2cecdcb4cc305560b025e70d366d3cb9a0b15fc6] 100.00 FLO
          outpoint:1d3560e8f882599eb5f0e484b67019cfda9b2c489406871655bab59fce65ff98:0 hash160:44adfa94d98225e339637b77a43c20904395c8c8
     out  DUP HASH160 PUSHDATA(20)[536440357857d7e9325b4b1346642ca16ef6016c] EQUALVERIFY CHECKSIG 10.00 FLO
     out  DUP HASH160 PUSHDATA(20)[dea58a1d3a44d5a6fc58c2eb50ea288e7dc294f8] EQUALVERIFY CHECKSIG 90.00 FLO
     fee  0.00 FLO/kB, 0.00 FLO for 226 bytes
     prps USER_PAYMENT

16:34:58 1 Wallet.completeTx: Completing send tx with 1 outputs totalling 20.00 FLO and a fee of 0.00 FLO/kB
16:34:58 1 Wallet.completeTx:   with 80.00 FLO change
16:34:58 1 Wallet.completeTx:   completed:   bf666c1ddba77bd8341f5150f006ae6a2cdfabb0aa9ca4ecbb721c905513b35b
  version 2
     in   PUSHDATA(72)[3045022100b6107fa01973b26f1934b8aa82bacb3230eb7f785afd7de331b1f2ac48d86c43022005d731b5eeee66ace9cd9f47e139dd0392077e4ed2525f7e51a4708c27a778ef01] PUSHDATA(33)[027ae46dcb735a5965b2d1857e2cecdcb4cc305560b025e70d366d3cb9a0b15fc6] 100.00 FLO
          outpoint:1d3560e8f882599eb5f0e484b67019cfda9b2c489406871655bab59fce65ff98:0 hash160:44adfa94d98225e339637b77a43c20904395c8c8
     out  DUP HASH160 PUSHDATA(20)[d153a46a5f4bb5ce9235ef8f88a837d0426b9095] EQUALVERIFY CHECKSIG 20.00 FLO
     out  DUP HASH160 PUSHDATA(20)[dea58a1d3a44d5a6fc58c2eb50ea288e7dc294f8] EQUALVERIFY CHECKSIG 80.00 FLO
     fee  0.00 FLO/kB, 0.00 FLO for 227 bytes
     prps USER_PAYMENT

16:34:58 1 Wallet.maybeCommitTx: commitTx of 6bb4eb3e0b9a9b6db630eb03741ee55d0108eda3e2658d59b5f18faceb353f2c
16:34:58 1 Wallet.updateForSpends:   marked 1d3560e8f882599eb5f0e484b67019cfda9b2c489406871655bab59fce65ff98:0 as spent by 6bb4eb3e0b9a9b6db630eb03741ee55d0108eda3e2658d59b5f18faceb353f2c
16:34:58 1 Wallet.maybeMovePool:   1d3560e8f882599eb5f0e484b67019cfda9b2c489406871655bab59fce65ff98 prevtx <-unspent ->spent
16:34:58 1 Wallet.maybeCommitTx: ->pending: 6bb4eb3e0b9a9b6db630eb03741ee55d0108eda3e2658d59b5f18faceb353f2c
16:34:58 1 Wallet.maybeCommitTx: Estimated balance is now: 90.00 FLO
16:34:58 1 KeyChainGroup.maybeMarkCurrentKeyAsUsed: Marking key as used: DeterministicKey{pub=023fa481ea14d93cf961e2b66fbaca6f6a8eb10fec4fa0e9a85dc2bb795a6bb878, chainCode=f9ebb10d65bf6ed5c4c08ea2f91f14590c5043b80eabf512e8014d9dd36ff6c1, path=M/0H/1/0, isEncrypted=false, isPubKeyOnly=false}
16:34:58 1 DeterministicKeyChain.maybeLookAhead: 1 keys needed for M/0H/1 = 2 issued + 0 lookahead size + 0 lookahead threshold - 1 num children
16:34:58 1 DeterministicKeyChain.maybeLookAhead: Took 424.0 ?s
]]></system-err>
  </testcase>
  <testcase name="txConfidenceLevels" classname="org.floj.core.ChainSplitTest" time="0.271">
    <failure message="expected:&lt;25000000000&gt; but was:&lt;50000000000&gt;" type="java.lang.AssertionError"><![CDATA[java.lang.AssertionError: expected:<25000000000> but was:<50000000000>
	at org.floj.core.ChainSplitTest.txConfidenceLevels(ChainSplitTest.java:522)
]]></failure>
    <system-err><![CDATA[16:34:58 1 Context.<init>: Creating bitcoinj 0.14.7 context.
16:34:58 1 MnemonicCode.toSeed: PBKDF2 took 35.58 ms
16:34:58 1 KeyChainGroup.addAndActivateHDChain: Creating and activating a new HD chain: org.floj.wallet.DeterministicKeyChain@1fce6eb4
16:34:58 1 DeterministicKeyChain.maybeLookAhead: 1 keys needed for M/0H/0 = 1 issued + 0 lookahead size + 0 lookahead threshold - 0 num children
16:34:58 1 DeterministicKeyChain.maybeLookAhead: Took 346.3 ?s
16:34:58 1 DeterministicKeyChain.maybeLookAhead: 1 keys needed for M/0H/0 = 2 issued + 0 lookahead size + 0 lookahead threshold - 1 num children
16:34:58 1 DeterministicKeyChain.maybeLookAhead: Took 310.0 ?s
16:34:58 1 AbstractBlockChain.<init>: chain head is at height 0:
 block: 
   hash: c4776e71bfa71ab208f8ef8d50493622a5210930deb47798bdfa028605a75d17
   version: 1
   previous block: 0000000000000000000000000000000000000000000000000000000000000000
   merkle root: 730f0c8ddc5a592d5512566890e2a73e45feaa6748b24b849d1c29a7ab2b2300
   time: 1524688495 (2018-04-25T20:34:55Z)
   difficulty target (nBits): 545259519
   nonce: 2

16:34:58 1 Wallet.receive: Received tx for 100.00 FLO: 87919f15a11d9ca3f7a1d5c37a2ce08b43b69422c2be62d348edbedce96a2715 [1] in block 91b1385c9cdb33fccbc1950aeb98e1e8f921be28d50d6ca8320ed77620bae0e9
16:34:58 1 Wallet.processTxFromBestChain:   tx 87919f15a11d9ca3f7a1d5c37a2ce08b43b69422c2be62d348edbedce96a2715 ->unspent
16:34:58 1 Wallet.receive: Balance is now: 100.00 FLO
16:34:58 1 Wallet.receive: Received tx for 100.00 FLO: 7d3f04fcd6645d770384fbe0be5777cfc0942851eceaf55667053bd144b7f3e8 [1] in block 37a1d8adacf09378526973dec2c097d8867087619b02771099622dd4f540a4cc
16:34:58 1 Wallet.processTxFromBestChain:   tx 7d3f04fcd6645d770384fbe0be5777cfc0942851eceaf55667053bd144b7f3e8 ->unspent
16:34:58 1 Wallet.receive: Balance is now: 200.00 FLO
16:34:58 1 Wallet.receive: Received tx for 100.00 FLO: e90239db32fbc12d20a1594da93899e9904c87d793f829f760cd0d875b1d5c6d [1] in block e7a85586e2a9deb46815ffaf00f86c6d9757c0f10ea768340ff6136d2d4a1e23
16:34:58 1 Wallet.processTxFromBestChain:   tx e90239db32fbc12d20a1594da93899e9904c87d793f829f760cd0d875b1d5c6d ->unspent
16:34:58 1 Wallet.receive: Balance is now: 300.00 FLO
16:34:58 1 AbstractBlockChain.connectBlock: Block forks the chain at height 1/block 91b1385c9cdb33fccbc1950aeb98e1e8f921be28d50d6ca8320ed77620bae0e9, but it did not cause a reorganize:
920f42f8afa5a696bf091432e637e09c21c2096fe05f533d6d4fcfce6d7083a3
16:34:58 1 AbstractBlockChain.connectBlock: Block forks the chain at height 1/block 91b1385c9cdb33fccbc1950aeb98e1e8f921be28d50d6ca8320ed77620bae0e9, but it did not cause a reorganize:
067bb88bbefe5df1e7ca26c1a4806dffed671dd72cffd7f394f0dec625c3b926
16:34:58 1 AbstractBlockChain.connectBlock: Block is causing a re-organize
16:34:58 1 AbstractBlockChain.handleNewBestChain: Re-organize after split at height 1
16:34:58 1 AbstractBlockChain.handleNewBestChain: Old chain head: e7a85586e2a9deb46815ffaf00f86c6d9757c0f10ea768340ff6136d2d4a1e23
16:34:58 1 AbstractBlockChain.handleNewBestChain: New chain head: 67ccaabe529ec373c54729de865b049d960230a56c56273bdabba7ae3eb70811
16:34:58 1 AbstractBlockChain.handleNewBestChain: Split at block: 91b1385c9cdb33fccbc1950aeb98e1e8f921be28d50d6ca8320ed77620bae0e9
16:34:58 1 Wallet.reorganize: Old part of chain (top to bottom):
16:34:58 1 Wallet.reorganize:   e7a85586e2a9deb46815ffaf00f86c6d9757c0f10ea768340ff6136d2d4a1e23
16:34:58 1 Wallet.reorganize:   37a1d8adacf09378526973dec2c097d8867087619b02771099622dd4f540a4cc
16:34:58 1 Wallet.reorganize: New part of chain (top to bottom):
16:34:58 1 Wallet.reorganize:   67ccaabe529ec373c54729de865b049d960230a56c56273bdabba7ae3eb70811
16:34:58 1 Wallet.reorganize:   067bb88bbefe5df1e7ca26c1a4806dffed671dd72cffd7f394f0dec625c3b926
16:34:58 1 Wallet.reorganize:   920f42f8afa5a696bf091432e637e09c21c2096fe05f533d6d4fcfce6d7083a3
16:34:58 1 Wallet.reorganize:   ->pending e90239db32fbc12d20a1594da93899e9904c87d793f829f760cd0d875b1d5c6d
16:34:58 1 Wallet.reorganize:   ->pending 7d3f04fcd6645d770384fbe0be5777cfc0942851eceaf55667053bd144b7f3e8
16:34:58 1 Wallet.reorganize: depthToSubtract = 2
16:34:58 1 Wallet.reorganize: Replaying block 920f42f8afa5a696bf091432e637e09c21c2096fe05f533d6d4fcfce6d7083a3
16:34:58 1 Wallet.reorganize: Replaying block 067bb88bbefe5df1e7ca26c1a4806dffed671dd72cffd7f394f0dec625c3b926
16:34:58 1 Wallet.reorganize: Replaying block 67ccaabe529ec373c54729de865b049d960230a56c56273bdabba7ae3eb70811
16:34:58 1 Wallet.reorganize: post-reorg balance is 100.00 FLO
16:34:58 1 AbstractBlockChain.connectBlock: Block forks the chain at height 1/block 91b1385c9cdb33fccbc1950aeb98e1e8f921be28d50d6ca8320ed77620bae0e9, but it did not cause a reorganize:
a3219fc015f186ea57b876aad0b958d6d511b64b8b03bd2dedb1ab50f6e1ef3f
16:34:58 1 Wallet.receive: Received tx on a side chain for 100.00 FLO: 1040c58d29643d203655577dc419a833d5e88c091d60b87db566910cf8b68990 [1] in block a3219fc015f186ea57b876aad0b958d6d511b64b8b03bd2dedb1ab50f6e1ef3f
16:34:58 1 Wallet.maybeCommitTx: commitTx of 1040c58d29643d203655577dc419a833d5e88c091d60b87db566910cf8b68990
16:34:58 1 Wallet.maybeCommitTx: ->pending: 1040c58d29643d203655577dc419a833d5e88c091d60b87db566910cf8b68990
16:34:58 1 Wallet.maybeCommitTx: Estimated balance is now: 400.00 FLO
16:34:58 1 AbstractBlockChain.connectBlock: Block is causing a re-organize
16:34:58 1 Wallet.receive: Received tx on a side chain for 100.00 FLO: 0017167ba7ec0943fd9caa9872f3bb76a38e8001b881c146e80a43d289e65346 [1] in block ca176afda202e583713f9b741c33225597c06a8288dc75769e39e67f3226ff4d
16:34:58 1 Wallet.maybeCommitTx: commitTx of 0017167ba7ec0943fd9caa9872f3bb76a38e8001b881c146e80a43d289e65346
16:34:58 1 Wallet.maybeCommitTx: ->pending: 0017167ba7ec0943fd9caa9872f3bb76a38e8001b881c146e80a43d289e65346
16:34:58 1 Wallet.maybeCommitTx: Estimated balance is now: 500.00 FLO
16:34:58 1 AbstractBlockChain.handleNewBestChain: Re-organize after split at height 1
16:34:58 1 AbstractBlockChain.handleNewBestChain: Old chain head: 67ccaabe529ec373c54729de865b049d960230a56c56273bdabba7ae3eb70811
16:34:58 1 AbstractBlockChain.handleNewBestChain: New chain head: ca176afda202e583713f9b741c33225597c06a8288dc75769e39e67f3226ff4d
16:34:58 1 AbstractBlockChain.handleNewBestChain: Split at block: 91b1385c9cdb33fccbc1950aeb98e1e8f921be28d50d6ca8320ed77620bae0e9
16:34:58 1 Wallet.reorganize: Old part of chain (top to bottom):
16:34:58 1 Wallet.reorganize:   67ccaabe529ec373c54729de865b049d960230a56c56273bdabba7ae3eb70811
16:34:58 1 Wallet.reorganize:   067bb88bbefe5df1e7ca26c1a4806dffed671dd72cffd7f394f0dec625c3b926
16:34:58 1 Wallet.reorganize:   920f42f8afa5a696bf091432e637e09c21c2096fe05f533d6d4fcfce6d7083a3
16:34:58 1 Wallet.reorganize: New part of chain (top to bottom):
16:34:58 1 Wallet.reorganize:   ca176afda202e583713f9b741c33225597c06a8288dc75769e39e67f3226ff4d
16:34:58 1 Wallet.reorganize:   a3219fc015f186ea57b876aad0b958d6d511b64b8b03bd2dedb1ab50f6e1ef3f
16:34:58 1 Wallet.reorganize:   e7a85586e2a9deb46815ffaf00f86c6d9757c0f10ea768340ff6136d2d4a1e23
16:34:58 1 Wallet.reorganize:   37a1d8adacf09378526973dec2c097d8867087619b02771099622dd4f540a4cc
16:34:58 1 Wallet.reorganize: depthToSubtract = 3
16:34:58 1 Wallet.reorganize: Replaying block 37a1d8adacf09378526973dec2c097d8867087619b02771099622dd4f540a4cc
16:34:58 1 Wallet.reorganize:   tx 7d3f04fcd6645d770384fbe0be5777cfc0942851eceaf55667053bd144b7f3e8
16:34:58 1 Wallet.receive: Received tx for 100.00 FLO: 7d3f04fcd6645d770384fbe0be5777cfc0942851eceaf55667053bd144b7f3e8 [1] in block 37a1d8adacf09378526973dec2c097d8867087619b02771099622dd4f540a4cc
16:34:58 1 Wallet.receive:   <-pending
16:34:58 1 Wallet.processTxFromBestChain:   tx 7d3f04fcd6645d770384fbe0be5777cfc0942851eceaf55667053bd144b7f3e8 ->unspent
16:34:58 1 Wallet.reorganize: Replaying block e7a85586e2a9deb46815ffaf00f86c6d9757c0f10ea768340ff6136d2d4a1e23
16:34:58 1 Wallet.reorganize:   tx e90239db32fbc12d20a1594da93899e9904c87d793f829f760cd0d875b1d5c6d
16:34:58 1 Wallet.receive: Received tx for 100.00 FLO: e90239db32fbc12d20a1594da93899e9904c87d793f829f760cd0d875b1d5c6d [1] in block e7a85586e2a9deb46815ffaf00f86c6d9757c0f10ea768340ff6136d2d4a1e23
16:34:58 1 Wallet.receive:   <-pending
16:34:58 1 Wallet.processTxFromBestChain:   tx e90239db32fbc12d20a1594da93899e9904c87d793f829f760cd0d875b1d5c6d ->unspent
16:34:58 1 Wallet.reorganize: Replaying block a3219fc015f186ea57b876aad0b958d6d511b64b8b03bd2dedb1ab50f6e1ef3f
16:34:58 1 Wallet.reorganize:   tx 1040c58d29643d203655577dc419a833d5e88c091d60b87db566910cf8b68990
16:34:58 1 Wallet.receive: Received tx for 100.00 FLO: 1040c58d29643d203655577dc419a833d5e88c091d60b87db566910cf8b68990 [1] in block a3219fc015f186ea57b876aad0b958d6d511b64b8b03bd2dedb1ab50f6e1ef3f
16:34:58 1 Wallet.receive:   <-pending
16:34:58 1 Wallet.processTxFromBestChain:   tx 1040c58d29643d203655577dc419a833d5e88c091d60b87db566910cf8b68990 ->unspent
16:34:58 1 Wallet.reorganize: Replaying block ca176afda202e583713f9b741c33225597c06a8288dc75769e39e67f3226ff4d
16:34:58 1 Wallet.reorganize:   tx 0017167ba7ec0943fd9caa9872f3bb76a38e8001b881c146e80a43d289e65346
16:34:58 1 Wallet.receive: Received tx for 100.00 FLO: 0017167ba7ec0943fd9caa9872f3bb76a38e8001b881c146e80a43d289e65346 [1] in block ca176afda202e583713f9b741c33225597c06a8288dc75769e39e67f3226ff4d
16:34:58 1 Wallet.receive:   <-pending
16:34:58 1 Wallet.processTxFromBestChain:   tx 0017167ba7ec0943fd9caa9872f3bb76a38e8001b881c146e80a43d289e65346 ->unspent
16:34:58 1 Wallet.reorganize: post-reorg balance is 500.00 FLO
]]></system-err>
  </testcase>
  <testcase name="coinbaseDeath" classname="org.floj.core.ChainSplitTest" time="0.197"/>
  <testcase name="testForking1" classname="org.floj.core.ChainSplitTest" time="0.064">
    <failure message="expected:&lt;10000000000&gt; but was:&lt;20000000000&gt;" type="java.lang.AssertionError"><![CDATA[java.lang.AssertionError: expected:<10000000000> but was:<20000000000>
	at org.floj.core.ChainSplitTest.testForking1(ChainSplitTest.java:116)
]]></failure>
    <system-err><![CDATA[16:34:59 1 Context.<init>: Creating bitcoinj 0.14.7 context.
16:34:59 1 MnemonicCode.toSeed: PBKDF2 took 29.67 ms
16:34:59 1 KeyChainGroup.addAndActivateHDChain: Creating and activating a new HD chain: org.floj.wallet.DeterministicKeyChain@5b49b1df
16:34:59 1 DeterministicKeyChain.maybeLookAhead: 1 keys needed for M/0H/0 = 1 issued + 0 lookahead size + 0 lookahead threshold - 0 num children
16:34:59 1 DeterministicKeyChain.maybeLookAhead: Took 384.4 ?s
16:34:59 1 DeterministicKeyChain.maybeLookAhead: 1 keys needed for M/0H/0 = 2 issued + 0 lookahead size + 0 lookahead threshold - 1 num children
16:34:59 1 DeterministicKeyChain.maybeLookAhead: Took 438.7 ?s
16:34:59 1 AbstractBlockChain.<init>: chain head is at height 0:
 block: 
   hash: c4776e71bfa71ab208f8ef8d50493622a5210930deb47798bdfa028605a75d17
   version: 1
   previous block: 0000000000000000000000000000000000000000000000000000000000000000
   merkle root: 730f0c8ddc5a592d5512566890e2a73e45feaa6748b24b849d1c29a7ab2b2300
   time: 1524688495 (2018-04-25T20:34:55Z)
   difficulty target (nBits): 545259519
   nonce: 2

16:34:59 1 Wallet.receive: Received tx for 100.00 FLO: d0d1de02e42dc80a3000c2c077448e3d4f45e9163a25fb2e293f957a284f4eb2 [1] in block 671362b8d2b7252cef6b4f34ded2965dc9cdd9369f68fef2c4e6aae4ba208fad
16:34:59 1 Wallet.processTxFromBestChain:   tx d0d1de02e42dc80a3000c2c077448e3d4f45e9163a25fb2e293f957a284f4eb2 ->unspent
16:34:59 1 Wallet.receive: Balance is now: 100.00 FLO
16:34:59 1 Wallet.receive: Received tx for 100.00 FLO: d22eb2be04a16858831893444cc5c9f7c45b3c38746cef88cdca407ffdcc111f [1] in block 7ce78e89f45431f129d39f832afd4849f0df5c1c7538cfe7d4861780d30e775d
16:34:59 1 Wallet.processTxFromBestChain:   tx d22eb2be04a16858831893444cc5c9f7c45b3c38746cef88cdca407ffdcc111f ->unspent
16:34:59 1 Wallet.receive: Balance is now: 200.00 FLO
]]></system-err>
  </testcase>
  <testcase name="testForking2" classname="org.floj.core.ChainSplitTest" time="0.143"/>
  <testcase name="testForking3" classname="org.floj.core.ChainSplitTest" time="0.048">
    <failure message="expected:&lt;4000000000&gt; but was:&lt;9000000000&gt;" type="java.lang.AssertionError"><![CDATA[java.lang.AssertionError: expected:<4000000000> but was:<9000000000>
	at org.floj.core.ChainSplitTest.testForking3(ChainSplitTest.java:211)
]]></failure>
    <system-err><![CDATA[16:34:59 1 Context.<init>: Creating bitcoinj 0.14.7 context.
16:34:59 1 MnemonicCode.toSeed: PBKDF2 took 38.31 ms
16:34:59 1 KeyChainGroup.addAndActivateHDChain: Creating and activating a new HD chain: org.floj.wallet.DeterministicKeyChain@118c1faa
16:34:59 1 DeterministicKeyChain.maybeLookAhead: 1 keys needed for M/0H/0 = 1 issued + 0 lookahead size + 0 lookahead threshold - 0 num children
16:34:59 1 DeterministicKeyChain.maybeLookAhead: Took 786.5 ?s
16:34:59 1 DeterministicKeyChain.maybeLookAhead: 1 keys needed for M/0H/0 = 2 issued + 0 lookahead size + 0 lookahead threshold - 1 num children
16:34:59 1 DeterministicKeyChain.maybeLookAhead: Took 373.6 ?s
16:34:59 1 AbstractBlockChain.<init>: chain head is at height 0:
 block: 
   hash: c4776e71bfa71ab208f8ef8d50493622a5210930deb47798bdfa028605a75d17
   version: 1
   previous block: 0000000000000000000000000000000000000000000000000000000000000000
   merkle root: 730f0c8ddc5a592d5512566890e2a73e45feaa6748b24b849d1c29a7ab2b2300
   time: 1524688495 (2018-04-25T20:34:55Z)
   difficulty target (nBits): 545259519
   nonce: 2

16:34:59 1 Wallet.receive: Received tx for 100.00 FLO: 1227ee5c01f3d89ea1fef41287ed78e29b0f09020f4676111f702678404de29d [1] in block 690493a58f68bba10ea6f020a8dbc3ab52be2eb2e552c9237e93524e28bbc9e3
16:34:59 1 Wallet.processTxFromBestChain:   tx 1227ee5c01f3d89ea1fef41287ed78e29b0f09020f4676111f702678404de29d ->unspent
16:34:59 1 Wallet.receive: Balance is now: 100.00 FLO
16:34:59 1 Wallet.completeTx: Completing send tx with 1 outputs totalling 10.00 FLO and a fee of 0.00 FLO/kB
16:34:59 1 DeterministicKeyChain.maybeLookAhead: 1 keys needed for M/0H/1 = 1 issued + 0 lookahead size + 0 lookahead threshold - 0 num children
16:34:59 1 DeterministicKeyChain.maybeLookAhead: Took 395.5 ?s
16:34:59 1 Wallet.completeTx:   with 90.00 FLO change
16:34:59 1 Wallet.completeTx:   completed:   46b3f6073b61d6b30e84d4d15baeec205960e3ec9a38b2b1028bb4be33483972
  version 2
     in   PUSHDATA(72)[3045022100d53a2dbf261b84ce898bac2e4f2b0db8cbeb6320113603540b792992bc758f9802205db8e6efb25ec2dd10b4e37f77cbd435427979df03cac487505a3cfb119eb2af01] PUSHDATA(33)[038504ce4e488fbf3d40e5611d515570f67ff49d7c01305adf82b8bff12c9b2526] 100.00 FLO
          outpoint:1227ee5c01f3d89ea1fef41287ed78e29b0f09020f4676111f702678404de29d:0 hash160:3404bbf78d4741ba3ef1bbc4529580c4eb68b5f5
     out  DUP HASH160 PUSHDATA(20)[cc522f33b65b7b3e1b59e9213fe8056aaf47fdbe] EQUALVERIFY CHECKSIG 10.00 FLO
     out  DUP HASH160 PUSHDATA(20)[3139c6f500a836ce7d5493cc6358fc3103e9b538] EQUALVERIFY CHECKSIG 90.00 FLO
     fee  0.00 FLO/kB, 0.00 FLO for 227 bytes
     prps USER_PAYMENT

16:34:59 1 Wallet.maybeCommitTx: commitTx of 46b3f6073b61d6b30e84d4d15baeec205960e3ec9a38b2b1028bb4be33483972
16:34:59 1 Wallet.updateForSpends:   marked 1227ee5c01f3d89ea1fef41287ed78e29b0f09020f4676111f702678404de29d:0 as spent by 46b3f6073b61d6b30e84d4d15baeec205960e3ec9a38b2b1028bb4be33483972
16:34:59 1 Wallet.maybeMovePool:   1227ee5c01f3d89ea1fef41287ed78e29b0f09020f4676111f702678404de29d prevtx <-unspent ->spent
16:34:59 1 Wallet.maybeCommitTx: ->pending: 46b3f6073b61d6b30e84d4d15baeec205960e3ec9a38b2b1028bb4be33483972
16:34:59 1 Wallet.maybeCommitTx: Estimated balance is now: 90.00 FLO
16:34:59 1 KeyChainGroup.maybeMarkCurrentKeyAsUsed: Marking key as used: DeterministicKey{pub=03d217099266d989766997242f1e405e042fec2d5a1d0acbec25955e302ca3b8cb, chainCode=b9d5385aca47a8489a19149eefb967379706e366cec0ff68ceef51743989eab5, path=M/0H/1/0, isEncrypted=false, isPubKeyOnly=false}
16:34:59 1 DeterministicKeyChain.maybeLookAhead: 1 keys needed for M/0H/1 = 2 issued + 0 lookahead size + 0 lookahead threshold - 1 num children
16:34:59 1 DeterministicKeyChain.maybeLookAhead: Took 521.7 ?s
]]></system-err>
  </testcase>
  <testcase name="testForking4" classname="org.floj.core.ChainSplitTest" time="0.095"/>
  <testcase name="testForking5" classname="org.floj.core.ChainSplitTest" time="0.122"/>
  <testcase name="testForking6" classname="org.floj.core.ChainSplitTest" time="0.092"/>
  <testcase name="orderingInsideBlock" classname="org.floj.core.ChainSplitTest" time="0.33"/>
  <testcase name="testDoubleSpendOnFork" classname="org.floj.core.ChainSplitTest" time="0.136">
    <failure message="expected:&lt;3000000000&gt; but was:&lt;8000000000&gt;" type="java.lang.AssertionError"><![CDATA[java.lang.AssertionError: expected:<3000000000> but was:<8000000000>
	at org.floj.core.ChainSplitTest.testDoubleSpendOnFork(ChainSplitTest.java:347)
]]></failure>
    <system-err><![CDATA[16:35:00 1 Context.<init>: Creating bitcoinj 0.14.7 context.
16:35:00 1 MnemonicCode.toSeed: PBKDF2 took 24.51 ms
16:35:00 1 KeyChainGroup.addAndActivateHDChain: Creating and activating a new HD chain: org.floj.wallet.DeterministicKeyChain@79c4454
16:35:00 1 DeterministicKeyChain.maybeLookAhead: 1 keys needed for M/0H/0 = 1 issued + 0 lookahead size + 0 lookahead threshold - 0 num children
16:35:00 1 DeterministicKeyChain.maybeLookAhead: Took 296.8 ?s
16:35:00 1 DeterministicKeyChain.maybeLookAhead: 1 keys needed for M/0H/0 = 2 issued + 0 lookahead size + 0 lookahead threshold - 1 num children
16:35:00 1 DeterministicKeyChain.maybeLookAhead: Took 304.6 ?s
16:35:00 1 AbstractBlockChain.<init>: chain head is at height 0:
 block: 
   hash: c4776e71bfa71ab208f8ef8d50493622a5210930deb47798bdfa028605a75d17
   version: 1
   previous block: 0000000000000000000000000000000000000000000000000000000000000000
   merkle root: 730f0c8ddc5a592d5512566890e2a73e45feaa6748b24b849d1c29a7ab2b2300
   time: 1524688495 (2018-04-25T20:34:55Z)
   difficulty target (nBits): 545259519
   nonce: 2

16:35:00 1 Wallet.receive: Received tx for 100.00 FLO: 7d7a11319385b0d940ec3d43f7f0826804ea55c11d683da55591ba5c6465dc13 [1] in block d91389bef7f7c170717f380daa5295e925a944ef503d2371787fac450f805503
16:35:00 1 Wallet.processTxFromBestChain:   tx 7d7a11319385b0d940ec3d43f7f0826804ea55c11d683da55591ba5c6465dc13 ->unspent
16:35:00 1 Wallet.receive: Balance is now: 100.00 FLO
16:35:00 1 Wallet.completeTx: Completing send tx with 1 outputs totalling 10.00 FLO and a fee of 0.00 FLO/kB
16:35:00 1 DeterministicKeyChain.maybeLookAhead: 1 keys needed for M/0H/1 = 1 issued + 0 lookahead size + 0 lookahead threshold - 0 num children
16:35:00 1 DeterministicKeyChain.maybeLookAhead: Took 399.7 ?s
16:35:00 1 Wallet.completeTx:   with 90.00 FLO change
16:35:00 1 Wallet.completeTx:   completed:   3ee2763e92f51ea144aa69cabd2409592e96930cf82b68a453ac2d63b7ad2843
  version 2
     in   PUSHDATA(72)[304502210081930017c805d98015f874d0eacacb16a3691bb5af3d51e55e841ec7050f117d02206e8cea3abe25e6c8a74f06a4594c8e73b4aed09400061fdb215a20edc5c0813b01] PUSHDATA(33)[027a824209ae70ce715393598087996595b85906a084f9a3e9e217f0e5ac9c30a2] 100.00 FLO
          outpoint:7d7a11319385b0d940ec3d43f7f0826804ea55c11d683da55591ba5c6465dc13:0 hash160:a891224424580efd42ac32878ef3889561ef556f
     out  DUP HASH160 PUSHDATA(20)[4f7e6e366582fd9c859cfa27b9268a41b4fce6e5] EQUALVERIFY CHECKSIG 10.00 FLO
     out  DUP HASH160 PUSHDATA(20)[68ab16a9943088ce1f57c5390c635de329509d14] EQUALVERIFY CHECKSIG 90.00 FLO
     fee  0.00 FLO/kB, 0.00 FLO for 227 bytes
     prps USER_PAYMENT

16:35:00 1 Wallet.completeTx: Completing send tx with 1 outputs totalling 20.00 FLO and a fee of 0.00 FLO/kB
16:35:00 1 Wallet.completeTx:   with 80.00 FLO change
16:35:00 1 Wallet.completeTx:   completed:   49aafe208a8845aab47468849c6f11d0f7b61c3b2dc56142bac0319a15b6a370
  version 2
     in   PUSHDATA(71)[304402201238a0c7430a7c5fd1a540864c595affebd2fd13b3d16e4e56923889a9867ffd022061f8d745a6556744df49545abfc4382d877810965c9d226bffe7ab0e77e8adc601] PUSHDATA(33)[027a824209ae70ce715393598087996595b85906a084f9a3e9e217f0e5ac9c30a2] 100.00 FLO
          outpoint:7d7a11319385b0d940ec3d43f7f0826804ea55c11d683da55591ba5c6465dc13:0 hash160:a891224424580efd42ac32878ef3889561ef556f
     out  DUP HASH160 PUSHDATA(20)[64fd1412dd471a7f1dd980f74136bd5373860932] EQUALVERIFY CHECKSIG 20.00 FLO
     out  DUP HASH160 PUSHDATA(20)[68ab16a9943088ce1f57c5390c635de329509d14] EQUALVERIFY CHECKSIG 80.00 FLO
     fee  0.00 FLO/kB, 0.00 FLO for 226 bytes
     prps USER_PAYMENT

16:35:00 1 Wallet.maybeCommitTx: commitTx of 3ee2763e92f51ea144aa69cabd2409592e96930cf82b68a453ac2d63b7ad2843
16:35:00 1 Wallet.updateForSpends:   marked 7d7a11319385b0d940ec3d43f7f0826804ea55c11d683da55591ba5c6465dc13:0 as spent by 3ee2763e92f51ea144aa69cabd2409592e96930cf82b68a453ac2d63b7ad2843
16:35:00 1 Wallet.maybeMovePool:   7d7a11319385b0d940ec3d43f7f0826804ea55c11d683da55591ba5c6465dc13 prevtx <-unspent ->spent
16:35:00 1 Wallet.maybeCommitTx: ->pending: 3ee2763e92f51ea144aa69cabd2409592e96930cf82b68a453ac2d63b7ad2843
16:35:00 1 Wallet.maybeCommitTx: Estimated balance is now: 90.00 FLO
16:35:00 1 KeyChainGroup.maybeMarkCurrentKeyAsUsed: Marking key as used: DeterministicKey{pub=028f31446b7d19f5dec00643c6da10c7fc93234990c1c2431fbce37a21338e5f81, chainCode=be8605d4d72498adc3c8624456e8a99a2f7e1489cc9a1b3f65c517cb5acc0bef, path=M/0H/1/0, isEncrypted=false, isPubKeyOnly=false}
16:35:00 1 DeterministicKeyChain.maybeLookAhead: 1 keys needed for M/0H/1 = 2 issued + 0 lookahead size + 0 lookahead threshold - 1 num children
16:35:00 1 DeterministicKeyChain.maybeLookAhead: Took 874.3 ?s
16:35:00 1 Wallet.receive: Received tx for -10.00 FLO: 3ee2763e92f51ea144aa69cabd2409592e96930cf82b68a453ac2d63b7ad2843 [2] in block 161fbb9c5d8d7165f0c9b99dc7f77ee2aafcc804b7d47d90ac43d08775997ccc
16:35:00 1 Wallet.receive:   <-pending
16:35:00 1 Wallet.processTxFromBestChain:   tx 3ee2763e92f51ea144aa69cabd2409592e96930cf82b68a453ac2d63b7ad2843 ->unspent
16:35:00 1 Wallet.receive: Balance is now: 90.00 FLO
16:35:00 1 AbstractBlockChain.connectBlock: Block forks the chain at height 1/block d91389bef7f7c170717f380daa5295e925a944ef503d2371787fac450f805503, but it did not cause a reorganize:
3fd59b64424c497e39634e66ea4f73a388adca5a7ef4fb0a64786e1e494e5351
16:35:00 1 Wallet.receive: Received tx on a side chain for -20.00 FLO: 49aafe208a8845aab47468849c6f11d0f7b61c3b2dc56142bac0319a15b6a370 [2] in block 3fd59b64424c497e39634e66ea4f73a388adca5a7ef4fb0a64786e1e494e5351
16:35:00 1 Wallet.maybeCommitTx: commitTx of 49aafe208a8845aab47468849c6f11d0f7b61c3b2dc56142bac0319a15b6a370
16:35:00 1 Wallet.updateForSpends: Saw two pending transactions double spend each other
16:35:00 1 Wallet.updateForSpends:   offending input is input 0
16:35:00 1 Wallet.updateForSpends: 49aafe208a8845aab47468849c6f11d0f7b61c3b2dc56142bac0319a15b6a370: 020000000113dc65645cba9155a53d681dc155ea046882f0f7433dec40d9b0859331117a7d000000006a47304402201238a0c7430a7c5fd1a540864c595affebd2fd13b3d16e4e56923889a9867ffd022061f8d745a6556744df49545abfc4382d877810965c9d226bffe7ab0e77e8adc60121027a824209ae70ce715393598087996595b85906a084f9a3e9e217f0e5ac9c30a2ffffffff0200943577000000001976a91464fd1412dd471a7f1dd980f74136bd537386093288ac0050d6dc010000001976a91468ab16a9943088ce1f57c5390c635de329509d1488ac0000000000
16:35:00 1 Wallet.updateForSpends: 3ee2763e92f51ea144aa69cabd2409592e96930cf82b68a453ac2d63b7ad2843: 020000000113dc65645cba9155a53d681dc155ea046882f0f7433dec40d9b0859331117a7d000000006b48304502210081930017c805d98015f874d0eacacb16a3691bb5af3d51e55e841ec7050f117d02206e8cea3abe25e6c8a74f06a4594c8e73b4aed09400061fdb215a20edc5c0813b0121027a824209ae70ce715393598087996595b85906a084f9a3e9e217f0e5ac9c30a2ffffffff0200ca9a3b000000001976a9144f7e6e366582fd9c859cfa27b9268a41b4fce6e588ac001a7118020000001976a91468ab16a9943088ce1f57c5390c635de329509d1488ac0000000000
16:35:00 1 Wallet.maybeCommitTx: ->dead: 49aafe208a8845aab47468849c6f11d0f7b61c3b2dc56142bac0319a15b6a370
16:35:00 1 Wallet.maybeCommitTx: Estimated balance is now: 90.00 FLO
16:35:00 1 AbstractBlockChain.connectBlock: Block is causing a re-organize
16:35:00 1 AbstractBlockChain.handleNewBestChain: Re-organize after split at height 1
16:35:00 1 AbstractBlockChain.handleNewBestChain: Old chain head: 161fbb9c5d8d7165f0c9b99dc7f77ee2aafcc804b7d47d90ac43d08775997ccc
16:35:00 1 AbstractBlockChain.handleNewBestChain: New chain head: 0256b0461003324b11344b1156d821dc185d104acf59cf01f67da93c2c5114f0
16:35:00 1 AbstractBlockChain.handleNewBestChain: Split at block: d91389bef7f7c170717f380daa5295e925a944ef503d2371787fac450f805503
16:35:00 1 Wallet.reorganize: Old part of chain (top to bottom):
16:35:00 1 Wallet.reorganize:   161fbb9c5d8d7165f0c9b99dc7f77ee2aafcc804b7d47d90ac43d08775997ccc
16:35:00 1 Wallet.reorganize: New part of chain (top to bottom):
16:35:00 1 Wallet.reorganize:   0256b0461003324b11344b1156d821dc185d104acf59cf01f67da93c2c5114f0
16:35:00 1 Wallet.reorganize:   3fd59b64424c497e39634e66ea4f73a388adca5a7ef4fb0a64786e1e494e5351
16:35:00 1 Wallet.reorganize:   ->pending 3ee2763e92f51ea144aa69cabd2409592e96930cf82b68a453ac2d63b7ad2843
16:35:00 1 Wallet.updateForSpends: Saw two pending transactions double spend each other
16:35:00 1 Wallet.updateForSpends:   offending input is input 0
16:35:00 1 Wallet.updateForSpends: 3ee2763e92f51ea144aa69cabd2409592e96930cf82b68a453ac2d63b7ad2843: 020000000113dc65645cba9155a53d681dc155ea046882f0f7433dec40d9b0859331117a7d000000006b48304502210081930017c805d98015f874d0eacacb16a3691bb5af3d51e55e841ec7050f117d02206e8cea3abe25e6c8a74f06a4594c8e73b4aed09400061fdb215a20edc5c0813b0121027a824209ae70ce715393598087996595b85906a084f9a3e9e217f0e5ac9c30a2ffffffff0200ca9a3b000000001976a9144f7e6e366582fd9c859cfa27b9268a41b4fce6e588ac001a7118020000001976a91468ab16a9943088ce1f57c5390c635de329509d1488ac0000000000
16:35:00 1 Wallet.updateForSpends: 3ee2763e92f51ea144aa69cabd2409592e96930cf82b68a453ac2d63b7ad2843: 020000000113dc65645cba9155a53d681dc155ea046882f0f7433dec40d9b0859331117a7d000000006b48304502210081930017c805d98015f874d0eacacb16a3691bb5af3d51e55e841ec7050f117d02206e8cea3abe25e6c8a74f06a4594c8e73b4aed09400061fdb215a20edc5c0813b0121027a824209ae70ce715393598087996595b85906a084f9a3e9e217f0e5ac9c30a2ffffffff0200ca9a3b000000001976a9144f7e6e366582fd9c859cfa27b9268a41b4fce6e588ac001a7118020000001976a91468ab16a9943088ce1f57c5390c635de329509d1488ac0000000000
16:35:00 1 Wallet.reorganize: depthToSubtract = 1
16:35:00 1 Wallet.reorganize: Replaying block 3fd59b64424c497e39634e66ea4f73a388adca5a7ef4fb0a64786e1e494e5351
16:35:00 1 Wallet.reorganize:   tx 49aafe208a8845aab47468849c6f11d0f7b61c3b2dc56142bac0319a15b6a370
16:35:00 1 Wallet.receive: Received tx for -20.00 FLO: 49aafe208a8845aab47468849c6f11d0f7b61c3b2dc56142bac0319a15b6a370 [2] in block 3fd59b64424c497e39634e66ea4f73a388adca5a7ef4fb0a64786e1e494e5351
16:35:00 1 Wallet.receive:   <-dead
16:35:00 1 Wallet.processTxFromBestChain:   tx 49aafe208a8845aab47468849c6f11d0f7b61c3b2dc56142bac0319a15b6a370 ->unspent
16:35:00 1 Wallet.killTxns: TX 3ee2763e92f51ea144aa69cabd2409592e96930cf82b68a453ac2d63b7ad2843 killed by 49aafe208a8845aab47468849c6f11d0f7b61c3b2dc56142bac0319a15b6a370
16:35:00 1 Wallet.killTxns: Disconnecting each input and moving connected transactions.
16:35:00 1 Wallet.killTxns: Added to UNSPENTS: TxOut of 100.00 FLO to mvtFgMjpSzmuq9fVJpzBygSDzzxrWHFSCy script:DUP HASH160 PUSHDATA(20)[a891224424580efd42ac32878ef3889561ef556f] EQUALVERIFY CHECKSIG in 7d7a11319385b0d940ec3d43f7f0826804ea55c11d683da55591ba5c6465dc13
16:35:00 1 Wallet.maybeMovePool:   7d7a11319385b0d940ec3d43f7f0826804ea55c11d683da55591ba5c6465dc13 kill <-spent ->unspent
16:35:00 1 Wallet.killTxns: XX Removed from UNSPENTS: TxOut of 90.00 FLO to mq4PXSgDErujm3MbubbVLyEda6QEaChgMU script:DUP HASH160 PUSHDATA(20)[68ab16a9943088ce1f57c5390c635de329509d14] EQUALVERIFY CHECKSIG
16:35:00 1 Wallet.killTxns: Now attempting to connect the inputs of the overriding transaction.
16:35:00 1 Wallet.maybeMovePool:   7d7a11319385b0d940ec3d43f7f0826804ea55c11d683da55591ba5c6465dc13 kill <-unspent ->spent
16:35:00 1 Wallet.killTxns: Removing from UNSPENTS: TxOut of 100.00 FLO to mvtFgMjpSzmuq9fVJpzBygSDzzxrWHFSCy script:DUP HASH160 PUSHDATA(20)[a891224424580efd42ac32878ef3889561ef556f] EQUALVERIFY CHECKSIG
16:35:00 1 Wallet.reorganize: Replaying block 0256b0461003324b11344b1156d821dc185d104acf59cf01f67da93c2c5114f0
16:35:00 1 Wallet.reorganize: post-reorg balance is 80.00 FLO
]]></system-err>
  </testcase>
</testsuite>