<?xml version="1.0" encoding="UTF-8"?>
<testsuite xmlns:xsi="http://www.w3.org/2001/XMLSchema-instance" xsi:schemaLocation="https://maven.apache.org/surefire/maven-surefire-plugin/xsd/surefire-test-report.xsd" name="org.floj.core.BlockChainTest" time="3.257" tests="13" errors="2" skipped="0" failures="3">
  <properties>
[...]
</properties>
  <testcase name="difficultyTransitions" classname="org.floj.core.BlockChainTest" time="1.618">
    <failure type="java.lang.AssertionError">java.lang.AssertionError
	at org.floj.core.BlockChainTest.difficultyTransitions(BlockChainTest.java:183)
</failure>
    <system-err><![CDATA[16:34:55 1 Context.<init>: Creating bitcoinj 0.14.7 context.
16:34:55 1 MnemonicCode.toSeed: PBKDF2 took 97.62 ms
16:34:55 1 KeyChainGroup.addAndActivateHDChain: Creating and activating a new HD chain: org.floj.wallet.DeterministicKeyChain@31de8099
16:34:55 1 AbstractBlockChain.<init>: chain head is at height 0:
 block: 
   hash: 9b7bc86236c34b5e3a39367c036b7fe8807a966c22a7a1f0da2a198a27e03731
   version: 1
   previous block: 0000000000000000000000000000000000000000000000000000000000000000
   merkle root: 730f0c8ddc5a592d5512566890e2a73e45feaa6748b24b849d1c29a7ab2b2300
   time: 1371387277 (2013-06-16T12:54:37Z)
   difficulty target (nBits): 504365040
   nonce: 1000580675

16:34:55 1 Context.<init>: Creating bitcoinj 0.14.7 context.
16:34:55 1 MnemonicCode.toSeed: PBKDF2 took 27.87 ms
16:34:55 1 KeyChainGroup.addAndActivateHDChain: Creating and activating a new HD chain: org.floj.wallet.DeterministicKeyChain@7c0a6f62
16:34:56 1 DeterministicKeyChain.maybeLookAhead: 1 keys needed for M/0H/0 = 1 issued + 0 lookahead size + 0 lookahead threshold - 0 num children
16:34:56 1 DeterministicKeyChain.maybeLookAhead: Took 1.126 ms
16:34:56 1 AbstractBlockChain.<init>: chain head is at height 0:
 block: 
   hash: c4776e71bfa71ab208f8ef8d50493622a5210930deb47798bdfa028605a75d17
   version: 1
   previous block: 0000000000000000000000000000000000000000000000000000000000000000
   merkle root: 730f0c8ddc5a592d5512566890e2a73e45feaa6748b24b849d1c29a7ab2b2300
   time: 1524688495 (2018-04-25T20:34:55Z)
   difficulty target (nBits): 545259519
   nonce: 2

16:34:56 1 DeterministicKeyChain.maybeLookAhead: 1 keys needed for M/0H/0 = 2 issued + 0 lookahead size + 0 lookahead threshold - 1 num children
16:34:56 1 DeterministicKeyChain.maybeLookAhead: Took 1.082 ms
16:34:56 1 Wallet.receive: Received tx for 100.00 FLO: 513a4b68d797cbc3438d82dd90ed81c7b553376e764f4a4f438f04a02de75bf3 [1] in block 4ce1c67a65eb89e141d4719054779e05ffc5e49d94e9d1b9b963e30f44125d76
16:34:56 1 KeyChainGroup.maybeMarkCurrentKeyAsUsed: Marking key as used: DeterministicKey{pub=0385b8af8038ea1c146c8a1a6eab3f4538d6ee64e197dabe45b1cdcd97f28528cd, chainCode=d64c48e53e709ceac9810a4e465107c24627e505cbe5be8aa39ea329bf1aaba0, path=M/0H/0/1, isEncrypted=false, isPubKeyOnly=false}
16:34:56 1 DeterministicKeyChain.maybeLookAhead: 1 keys needed for M/0H/0 = 3 issued + 0 lookahead size + 0 lookahead threshold - 2 num children
16:34:56 1 DeterministicKeyChain.maybeLookAhead: Took 2.426 ms
16:34:56 1 Wallet.processTxFromBestChain:   tx 513a4b68d797cbc3438d82dd90ed81c7b553376e764f4a4f438f04a02de75bf3 ->unspent
16:34:56 1 Wallet.receive: Balance is now: 100.00 FLO
16:34:56 1 Wallet.receive: Received tx for 100.00 FLO: 0aafd5aa80283fa5f0d7204bc5244f8fbccc9d5066dd58a78982e8dd69f8e797 [1] in block ec47d91efa1cd67e03cda4b0edd124dcf80089494927ac661ab3075c65ef65f8
16:34:56 1 Wallet.processTxFromBestChain:   tx 0aafd5aa80283fa5f0d7204bc5244f8fbccc9d5066dd58a78982e8dd69f8e797 ->unspent
16:34:56 1 Wallet.receive: Balance is now: 200.00 FLO
16:34:56 1 Wallet.receive: Received tx for 100.00 FLO: 8982853e9d3f513b73ca4880deca8deb2d9504497f8f9b79a642866f0ca0a6ac [1] in block e95c3190844fc831f5e1f905de79926279b956b463fd0c704b52b87945bb64e1
16:34:56 1 Wallet.processTxFromBestChain:   tx 8982853e9d3f513b73ca4880deca8deb2d9504497f8f9b79a642866f0ca0a6ac ->unspent
16:34:56 1 Wallet.receive: Balance is now: 300.00 FLO
16:34:56 1 Wallet.receive: Received tx for 100.00 FLO: a3649a6e4740f226067a81166772d025dee77f501a2a414f6ee37f8057711512 [1] in block 26e15d09f51d0e417dcebeba0ac6826f91a595323a6fe42a9221fdcc1cec0595
16:34:56 1 Wallet.processTxFromBestChain:   tx a3649a6e4740f226067a81166772d025dee77f501a2a414f6ee37f8057711512 ->unspent
16:34:56 1 Wallet.receive: Balance is now: 400.00 FLO
16:34:56 1 Wallet.receive: Received tx for 100.00 FLO: fb9d08d764ee3352cca9f181417824a5c7e2350fcfdb1984f2b4d56f91034b8f [1] in block 080155bdd20b6c95c2c190f3df29e76aa5dc588a191e9edf292f02ce317ed496
16:34:56 1 Wallet.processTxFromBestChain:   tx fb9d08d764ee3352cca9f181417824a5c7e2350fcfdb1984f2b4d56f91034b8f ->unspent
16:34:56 1 Wallet.receive: Balance is now: 500.00 FLO
16:34:56 1 Wallet.receive: Received tx for 100.00 FLO: 0cf9d058c1699f025804557469fcea8e0454f99af868533a76afe7134209c589 [1] in block ac0a4caa29a4734f4ea7fef07e71efcfed94e36a006183cfd664ec0796372358
16:34:56 1 Wallet.processTxFromBestChain:   tx 0cf9d058c1699f025804557469fcea8e0454f99af868533a76afe7134209c589 ->unspent
16:34:56 1 Wallet.receive: Balance is now: 600.00 FLO
16:34:56 1 Wallet.receive: Received tx for 100.00 FLO: f4d624eec6697f2dadbd48d11bd433adc4b64103241b2d8d9c0804a3cf316132 [1] in block d33bcdba8c1cd3ecc64929c2741827fdd1865ef9d79ae43dfaf11e91780261e7
16:34:56 1 Wallet.processTxFromBestChain:   tx f4d624eec6697f2dadbd48d11bd433adc4b64103241b2d8d9c0804a3cf316132 ->unspent
16:34:56 1 Wallet.receive: Balance is now: 700.00 FLO
16:34:56 1 Wallet.receive: Received tx for 100.00 FLO: 56f63480da5866c5f017462aadba4d7779271057bbcccac582c422763c37f053 [1] in block a24751352c6e17ce79742e7c6a3c0aa22e31eb7802acd6cab6d3abfac828303c
16:34:56 1 Wallet.processTxFromBestChain:   tx 56f63480da5866c5f017462aadba4d7779271057bbcccac582c422763c37f053 ->unspent
16:34:56 1 Wallet.receive: Balance is now: 800.00 FLO
16:34:56 1 Wallet.receive: Received tx for 100.00 FLO: 28caef652d4062bcd65d7471c60368bcaa07cabb705c20344f16d988b2f60a99 [1] in block 123b552aa5650517e337d8f7ed29d18ab49aafc0bb62a7acf4b6716f0d631619
16:34:56 1 Wallet.processTxFromBestChain:   tx 28caef652d4062bcd65d7471c60368bcaa07cabb705c20344f16d988b2f60a99 ->unspent
16:34:56 1 Wallet.receive: Balance is now: 900.00 FLO
16:34:56 1 Wallet.receive: Received tx for 100.00 FLO: 0fdf3357ddbb33088cf55649dc1123937e813500cfe829c4d8df5cd33ed61b73 [1] in block 7ac90f709cb36ba2c675fa6957bd4446c422050279257484b2b19b4ac8cbe655
16:34:56 1 Wallet.processTxFromBestChain:   tx 0fdf3357ddbb33088cf55649dc1123937e813500cfe829c4d8df5cd33ed61b73 ->unspent
16:34:56 1 Wallet.receive: Balance is now: 1000.00 FLO
]]></system-err>
  </testcase>
  <testcase name="duplicates" classname="org.floj.core.BlockChainTest" time="0.147"/>
  <testcase name="estimatedBlockTime" classname="org.floj.core.BlockChainTest" time="0.1">
    <failure message="expected:&lt;Tue Oct 23 11:35:05 EDT 2012&gt; but was:&lt;Thu Apr 06 10:19:56 EDT 2017&gt;" type="java.lang.AssertionError"><![CDATA[java.lang.AssertionError: expected:<Tue Oct 23 11:35:05 EDT 2012> but was:<Thu Apr 06 10:19:56 EDT 2017>
	at org.floj.core.BlockChainTest.estimatedBlockTime(BlockChainTest.java:439)
]]></failure>
    <system-err><![CDATA[16:34:56 1 Context.<init>: Creating bitcoinj 0.14.7 context.
16:34:56 1 MnemonicCode.toSeed: PBKDF2 took 27.40 ms
16:34:56 1 KeyChainGroup.addAndActivateHDChain: Creating and activating a new HD chain: org.floj.wallet.DeterministicKeyChain@41433530
16:34:56 1 AbstractBlockChain.<init>: chain head is at height 0:
 block: 
   hash: 9b7bc86236c34b5e3a39367c036b7fe8807a966c22a7a1f0da2a198a27e03731
   version: 1
   previous block: 0000000000000000000000000000000000000000000000000000000000000000
   merkle root: 730f0c8ddc5a592d5512566890e2a73e45feaa6748b24b849d1c29a7ab2b2300
   time: 1371387277 (2013-06-16T12:54:37Z)
   difficulty target (nBits): 504365040
   nonce: 1000580675

16:34:56 1 Context.<init>: Creating bitcoinj 0.14.7 context.
16:34:57 1 MnemonicCode.toSeed: PBKDF2 took 38.77 ms
16:34:57 1 KeyChainGroup.addAndActivateHDChain: Creating and activating a new HD chain: org.floj.wallet.DeterministicKeyChain@7c751692
16:34:57 1 DeterministicKeyChain.maybeLookAhead: 1 keys needed for M/0H/0 = 1 issued + 0 lookahead size + 0 lookahead threshold - 0 num children
16:34:57 1 DeterministicKeyChain.maybeLookAhead: Took 538.2 ?s
16:34:57 1 AbstractBlockChain.<init>: chain head is at height 0:
 block: 
   hash: c4776e71bfa71ab208f8ef8d50493622a5210930deb47798bdfa028605a75d17
   version: 1
   previous block: 0000000000000000000000000000000000000000000000000000000000000000
   merkle root: 730f0c8ddc5a592d5512566890e2a73e45feaa6748b24b849d1c29a7ab2b2300
   time: 1524688495 (2018-04-25T20:34:55Z)
   difficulty target (nBits): 545259519
   nonce: 2

16:34:57 1 DeterministicKeyChain.maybeLookAhead: 1 keys needed for M/0H/0 = 2 issued + 0 lookahead size + 0 lookahead threshold - 1 num children
16:34:57 1 DeterministicKeyChain.maybeLookAhead: Took 587.1 ?s
16:34:57 1 Context.<init>: Creating bitcoinj 0.14.7 context.
16:34:57 1 AbstractBlockChain.<init>: chain head is at height 0:
 block: 
   hash: 09c7781c9df90708e278c35d38ea5c9041d7ecfcdd1c56ba67274b7cff3e1cea
   version: 1
   previous block: 0000000000000000000000000000000000000000000000000000000000000000
   merkle root: 730f0c8ddc5a592d5512566890e2a73e45feaa6748b24b849d1c29a7ab2b2300
   time: 1371488396 (2013-06-17T16:59:56Z)
   difficulty target (nBits): 504365040
   nonce: 1000112548

]]></system-err>
  </testcase>
  <testcase name="intraBlockDependencies" classname="org.floj.core.BlockChainTest" time="0.121"/>
  <testcase name="badBip66Version" classname="org.floj.core.BlockChainTest" time="0.277"/>
  <testcase name="falsePositives" classname="org.floj.core.BlockChainTest" time="0.083"/>
  <testcase name="unconnectedBlocks" classname="org.floj.core.BlockChainTest" time="0.137"/>
  <testcase name="receiveCoins" classname="org.floj.core.BlockChainTest" time="0.11"/>
  <testcase name="coinbaseTransactionAvailability" classname="org.floj.core.BlockChainTest" time="0.25">
    <failure message="expected:&lt;5100000000&gt; but was:&lt;100000000&gt;" type="java.lang.AssertionError"><![CDATA[java.lang.AssertionError: expected:<5100000000> but was:<100000000>
	at org.floj.core.BlockChainTest.coinbaseTransactionAvailability(BlockChainTest.java:396)
]]></failure>
    <system-err><![CDATA[16:34:57 1 Context.<init>: Creating bitcoinj 0.14.7 context.
16:34:57 1 MnemonicCode.toSeed: PBKDF2 took 26.07 ms
16:34:57 1 KeyChainGroup.addAndActivateHDChain: Creating and activating a new HD chain: org.floj.wallet.DeterministicKeyChain@2d5435d4
16:34:57 1 AbstractBlockChain.<init>: chain head is at height 0:
 block: 
   hash: 9b7bc86236c34b5e3a39367c036b7fe8807a966c22a7a1f0da2a198a27e03731
   version: 1
   previous block: 0000000000000000000000000000000000000000000000000000000000000000
   merkle root: 730f0c8ddc5a592d5512566890e2a73e45feaa6748b24b849d1c29a7ab2b2300
   time: 1371387277 (2013-06-16T12:54:37Z)
   difficulty target (nBits): 504365040
   nonce: 1000580675

16:34:57 1 Context.<init>: Creating bitcoinj 0.14.7 context.
16:34:57 1 MnemonicCode.toSeed: PBKDF2 took 33.28 ms
16:34:57 1 KeyChainGroup.addAndActivateHDChain: Creating and activating a new HD chain: org.floj.wallet.DeterministicKeyChain@6dbdbb69
16:34:57 1 DeterministicKeyChain.maybeLookAhead: 1 keys needed for M/0H/0 = 1 issued + 0 lookahead size + 0 lookahead threshold - 0 num children
16:34:57 1 DeterministicKeyChain.maybeLookAhead: Took 778.7 ?s
16:34:57 1 AbstractBlockChain.<init>: chain head is at height 0:
 block: 
   hash: c4776e71bfa71ab208f8ef8d50493622a5210930deb47798bdfa028605a75d17
   version: 1
   previous block: 0000000000000000000000000000000000000000000000000000000000000000
   merkle root: 730f0c8ddc5a592d5512566890e2a73e45feaa6748b24b849d1c29a7ab2b2300
   time: 1524688495 (2018-04-25T20:34:55Z)
   difficulty target (nBits): 545259519
   nonce: 2

16:34:57 1 DeterministicKeyChain.maybeLookAhead: 1 keys needed for M/0H/0 = 2 issued + 0 lookahead size + 0 lookahead threshold - 1 num children
16:34:57 1 DeterministicKeyChain.maybeLookAhead: Took 384.4 ?s
16:34:57 1 MnemonicCode.toSeed: PBKDF2 took 29.90 ms
16:34:57 1 KeyChainGroup.addAndActivateHDChain: Creating and activating a new HD chain: org.floj.wallet.DeterministicKeyChain@118879d2
16:34:57 1 DeterministicKeyChain.maybeLookAhead: 1 keys needed for M/0H/0 = 1 issued + 0 lookahead size + 0 lookahead threshold - 0 num children
16:34:57 1 DeterministicKeyChain.maybeLookAhead: Took 381.7 ?s
16:34:57 1 Wallet.receive: Received tx for 100.00 FLO: df5587230a40187e5b48bdfc90dd734ce08c0ff369598a3b874ba0bc18c1c4d6 [0] in block 757ec28c25d0b4774f949eef0f0b5616aac7cb12b5068f4b8aee89a150b55cfa
16:34:57 1 KeyChainGroup.maybeMarkCurrentKeyAsUsed: Marking key as used: DeterministicKey{pub=03dd312b71aebfb1140bea1b46d94c24b41634d527298b76401d4beae40e0ac349, chainCode=d754a102879bc99d8edd79549f7c32ea56bc80f572ff16b1e2f18273b05b5953, path=M/0H/0/1, isEncrypted=false, isPubKeyOnly=false}
16:34:57 1 DeterministicKeyChain.maybeLookAhead: 1 keys needed for M/0H/0 = 3 issued + 0 lookahead size + 0 lookahead threshold - 2 num children
16:34:57 1 DeterministicKeyChain.maybeLookAhead: Took 488.4 ?s
16:34:57 1 Wallet.processTxFromBestChain:   tx df5587230a40187e5b48bdfc90dd734ce08c0ff369598a3b874ba0bc18c1c4d6 ->unspent
16:34:57 1 Wallet.receive: Balance is now: 0.00 FLO
16:34:57 1 Wallet.completeTx: Completing send tx with 1 outputs totalling 49.00 FLO and a fee of 0.00 FLO/kB
16:34:57 1 Wallet.calculateFee: Insufficient value in wallet for send: needed 49.00 FLO more
16:34:57 1 Wallet.completeTx: Completing send tx with 1 outputs totalling 49.00 FLO and a fee of 0.00 FLO/kB
16:34:57 1 Wallet.calculateFee: Insufficient value in wallet for send: needed 49.00 FLO more
16:34:57 1 Wallet.completeTx: Completing send tx with 1 outputs totalling 49.00 FLO and a fee of 0.00 FLO/kB
16:34:57 1 Wallet.calculateFee: Insufficient value in wallet for send: needed 49.00 FLO more
16:34:57 1 Wallet.completeTx: Completing send tx with 1 outputs totalling 49.00 FLO and a fee of 0.00 FLO/kB
16:34:57 1 Wallet.calculateFee: Insufficient value in wallet for send: needed 49.00 FLO more
16:34:57 1 Wallet.completeTx: Completing send tx with 1 outputs totalling 49.00 FLO and a fee of 0.00 FLO/kB
16:34:57 1 DeterministicKeyChain.maybeLookAhead: 1 keys needed for M/0H/1 = 1 issued + 0 lookahead size + 0 lookahead threshold - 0 num children
16:34:58 1 DeterministicKeyChain.maybeLookAhead: Took 484.8 ?s
16:34:58 1 Wallet.completeTx:   with 51.00 FLO change
16:34:58 1 Wallet.completeTx:   completed:   936684a876e82f2688fae6703e2ca0900af914a850f27b7be64d7e0a7509faa7
  version 2
     in   PUSHDATA(72)[3045022100e3e685a2c0bea1bbd41b3e5d8a64509d15e2f465b5ca9aa8d93c141c2aa0f6ab02204e1590ca3cbd10ae79fa7efb6a3e56e7a5f363cbd9f08ab321b59c56b1ca8ff801] 100.00 FLO
          outpoint:df5587230a40187e5b48bdfc90dd734ce08c0ff369598a3b874ba0bc18c1c4d6:0
     out  DUP HASH160 PUSHDATA(20)[9678ce3e0cb204de17be591faceb9adb457e746c] EQUALVERIFY CHECKSIG 49.00 FLO
     out  DUP HASH160 PUSHDATA(20)[e2c370c28685515c6dda05da45ce471b2f65cbf4] EQUALVERIFY CHECKSIG 51.00 FLO
     fee  0.00 FLO/kB, 0.00 FLO for 193 bytes
     prps USER_PAYMENT

16:34:58 1 Wallet.maybeCommitTx: commitTx of 936684a876e82f2688fae6703e2ca0900af914a850f27b7be64d7e0a7509faa7
16:34:58 1 Wallet.updateForSpends:   marked df5587230a40187e5b48bdfc90dd734ce08c0ff369598a3b874ba0bc18c1c4d6:0 as spent by 936684a876e82f2688fae6703e2ca0900af914a850f27b7be64d7e0a7509faa7
16:34:58 1 Wallet.maybeMovePool:   df5587230a40187e5b48bdfc90dd734ce08c0ff369598a3b874ba0bc18c1c4d6 prevtx <-unspent ->spent
16:34:58 1 Wallet.maybeCommitTx: ->pending: 936684a876e82f2688fae6703e2ca0900af914a850f27b7be64d7e0a7509faa7
16:34:58 1 Wallet.maybeCommitTx: Estimated balance is now: 51.00 FLO
16:34:58 1 KeyChainGroup.maybeMarkCurrentKeyAsUsed: Marking key as used: DeterministicKey{pub=03d3b25393541076aa9da9b1242241ea1c0668c0bfe995f855ee5833f0663ab0cb, chainCode=cbd257b313e1d6f68f814a5573654723c6b598c6c99f11a56db53d6a1ff2958e, path=M/0H/1/0, isEncrypted=false, isPubKeyOnly=false}
16:34:58 1 DeterministicKeyChain.maybeLookAhead: 1 keys needed for M/0H/1 = 2 issued + 0 lookahead size + 0 lookahead threshold - 1 num children
16:34:58 1 DeterministicKeyChain.maybeLookAhead: Took 508.5 ?s
]]></system-err>
  </testcase>
  <testcase name="badDifficulty" classname="org.floj.core.BlockChainTest" time="0.071">
    <error message="Hash is higher than target: 000000033cc282bc1fa9dcae7a533263fd7fe66490f550d80076433340831604 vs 7fff80000000000000000000000000000000000000000000000000000" type="org.floj.core.VerificationException">org.floj.core.VerificationException: Hash is higher than target: 000000033cc282bc1fa9dcae7a533263fd7fe66490f550d80076433340831604 vs 7fff80000000000000000000000000000000000000000000000000000
	at org.floj.core.BlockChainTest.getBlock1(BlockChainTest.java:429)
	at org.floj.core.BlockChainTest.badDifficulty(BlockChainTest.java:197)
</error>
    <system-err><![CDATA[16:34:58 1 Context.<init>: Creating bitcoinj 0.14.7 context.
16:34:58 1 MnemonicCode.toSeed: PBKDF2 took 25.01 ms
16:34:58 1 KeyChainGroup.addAndActivateHDChain: Creating and activating a new HD chain: org.floj.wallet.DeterministicKeyChain@4c6fe482
16:34:58 1 AbstractBlockChain.<init>: chain head is at height 0:
 block: 
   hash: 9b7bc86236c34b5e3a39367c036b7fe8807a966c22a7a1f0da2a198a27e03731
   version: 1
   previous block: 0000000000000000000000000000000000000000000000000000000000000000
   merkle root: 730f0c8ddc5a592d5512566890e2a73e45feaa6748b24b849d1c29a7ab2b2300
   time: 1371387277 (2013-06-16T12:54:37Z)
   difficulty target (nBits): 504365040
   nonce: 1000580675

16:34:58 1 Context.<init>: Creating bitcoinj 0.14.7 context.
16:34:58 1 MnemonicCode.toSeed: PBKDF2 took 24.44 ms
16:34:58 1 KeyChainGroup.addAndActivateHDChain: Creating and activating a new HD chain: org.floj.wallet.DeterministicKeyChain@7bbd0006
16:34:58 1 DeterministicKeyChain.maybeLookAhead: 1 keys needed for M/0H/0 = 1 issued + 0 lookahead size + 0 lookahead threshold - 0 num children
16:34:58 1 DeterministicKeyChain.maybeLookAhead: Took 384.1 ?s
16:34:58 1 AbstractBlockChain.<init>: chain head is at height 0:
 block: 
   hash: c4776e71bfa71ab208f8ef8d50493622a5210930deb47798bdfa028605a75d17
   version: 1
   previous block: 0000000000000000000000000000000000000000000000000000000000000000
   merkle root: 730f0c8ddc5a592d5512566890e2a73e45feaa6748b24b849d1c29a7ab2b2300
   time: 1524688495 (2018-04-25T20:34:55Z)
   difficulty target (nBits): 545259519
   nonce: 2

16:34:58 1 DeterministicKeyChain.maybeLookAhead: 1 keys needed for M/0H/0 = 2 issued + 0 lookahead size + 0 lookahead threshold - 1 num children
16:34:58 1 DeterministicKeyChain.maybeLookAhead: Took 353.8 ?s
]]></system-err>
  </testcase>
  <testcase name="badBip65Version" classname="org.floj.core.BlockChainTest" time="0.146"/>
  <testcase name="rollbackBlockStore" classname="org.floj.core.BlockChainTest" time="0.088"/>
  <testcase name="testBasicChaining" classname="org.floj.core.BlockChainTest" time="0.096">
    <error message="Hash is higher than target: 000000033cc282bc1fa9dcae7a533263fd7fe66490f550d80076433340831604 vs 7fff80000000000000000000000000000000000000000000000000000" type="org.floj.core.VerificationException">org.floj.core.VerificationException: Hash is higher than target: 000000033cc282bc1fa9dcae7a533263fd7fe66490f550d80076433340831604 vs 7fff80000000000000000000000000000000000000000000000000000
	at org.floj.core.BlockChainTest.getBlock1(BlockChainTest.java:429)
	at org.floj.core.BlockChainTest.testBasicChaining(BlockChainTest.java:118)
</error>
    <system-err><![CDATA[16:34:58 1 Context.<init>: Creating bitcoinj 0.14.7 context.
16:34:58 1 MnemonicCode.toSeed: PBKDF2 took 26.17 ms
16:34:58 1 KeyChainGroup.addAndActivateHDChain: Creating and activating a new HD chain: org.floj.wallet.DeterministicKeyChain@3ba815ee
16:34:58 1 AbstractBlockChain.<init>: chain head is at height 0:
 block: 
   hash: 9b7bc86236c34b5e3a39367c036b7fe8807a966c22a7a1f0da2a198a27e03731
   version: 1
   previous block: 0000000000000000000000000000000000000000000000000000000000000000
   merkle root: 730f0c8ddc5a592d5512566890e2a73e45feaa6748b24b849d1c29a7ab2b2300
   time: 1371387277 (2013-06-16T12:54:37Z)
   difficulty target (nBits): 504365040
   nonce: 1000580675

16:34:58 1 Context.<init>: Creating bitcoinj 0.14.7 context.
16:34:58 1 MnemonicCode.toSeed: PBKDF2 took 26.88 ms
16:34:58 1 KeyChainGroup.addAndActivateHDChain: Creating and activating a new HD chain: org.floj.wallet.DeterministicKeyChain@2fbd47b7
16:34:58 1 DeterministicKeyChain.maybeLookAhead: 1 keys needed for M/0H/0 = 1 issued + 0 lookahead size + 0 lookahead threshold - 0 num children
16:34:58 1 DeterministicKeyChain.maybeLookAhead: Took 709.1 ?s
16:34:58 1 AbstractBlockChain.<init>: chain head is at height 0:
 block: 
   hash: c4776e71bfa71ab208f8ef8d50493622a5210930deb47798bdfa028605a75d17
   version: 1
   previous block: 0000000000000000000000000000000000000000000000000000000000000000
   merkle root: 730f0c8ddc5a592d5512566890e2a73e45feaa6748b24b849d1c29a7ab2b2300
   time: 1524688495 (2018-04-25T20:34:55Z)
   difficulty target (nBits): 545259519
   nonce: 2

16:34:58 1 DeterministicKeyChain.maybeLookAhead: 1 keys needed for M/0H/0 = 2 issued + 0 lookahead size + 0 lookahead threshold - 1 num children
16:34:58 1 DeterministicKeyChain.maybeLookAhead: Took 331.0 ?s
]]></system-err>
  </testcase>
</testsuite>