<?xml version="1.0" encoding="UTF-8"?>
<testsuite xmlns:xsi="http://www.w3.org/2001/XMLSchema-instance" xsi:schemaLocation="https://maven.apache.org/surefire/maven-surefire-plugin/xsd/surefire-test-report.xsd" name="org.floj.core.AddressTest" time="1.665" tests="15" errors="12" skipped="0" failures="2">
  <properties>
    <property name="java.runtime.name" value="Java(TM) SE Runtime Environment"/>
    <property name="sun.boot.library.path" value="C:\Program Files\Java\jdk1.8.0_162\jre\bin"/>
    <property name="java.vm.version" value="25.162-b12"/>
    <property name="java.vm.vendor" value="Oracle Corporation"/>
    <property name="maven.multiModuleProjectDirectory" value="E:\FLO\dloa\floj"/>
    <property name="java.vendor.url" value="http://java.oracle.com/"/>
    <property name="path.separator" value=";"/>
    <property name="guice.disable.misplaced.annotation.check" value="true"/>
    <property name="java.vm.name" value="Java HotSpot(TM) 64-Bit Server VM"/>
    <property name="file.encoding.pkg" value="sun.io"/>
    <property name="user.script" value=""/>
    <property name="user.country" value="US"/>
    <property name="sun.java.launcher" value="SUN_STANDARD"/>
    <property name="sun.os.patch.level" value="Service Pack 1"/>
    <property name="java.vm.specification.name" value="Java Virtual Machine Specification"/>
    <property name="user.dir" value="E:\FLO\dloa\floj"/>
    <property name="java.runtime.version" value="1.8.0_162-b12"/>
    <property name="java.awt.graphicsenv" value="sun.awt.Win32GraphicsEnvironment"/>
    <property name="java.endorsed.dirs" value="C:\Program Files\Java\jdk1.8.0_162\jre\lib\endorsed"/>
    <property name="os.arch" value="amd64"/>
    <property name="java.io.tmpdir" value="C:\Users\RENGEL~1\AppData\Local\Temp\"/>
    <property name="line.separator" value="&#10;"/>
    <property name="java.vm.specification.vendor" value="Oracle Corporation"/>
    <property name="user.variant" value=""/>
    <property name="os.name" value="Windows 7"/>
    <property name="classworlds.conf" value="E:\apache-maven-3.5.2\bin\..\bin\m2.conf"/>
    <property name="sun.jnu.encoding" value="Cp1252"/>
    <property name="java.library.path" value="C:\Program Files\Java\jdk1.8.0_162\bin;C:\Windows\Sun\Java\bin;C:\Windows\system32;C:\Windows;C:\Program Files\Java\jdk1.8.0_162\bin;C:\Python27\;C:\Python27\Scripts;C:\Program Files (x86)\AMD APP;C:\Program Files (x86)\Mail Enable\BIN;C:\Windows\system32;C:\Windows;C:\Windows\System32\Wbem;C:\Windows\System32\WindowsPowerShell\v1.0\;C:\Program Files (x86)\ATI Technologies\ATI.ACE\Core-Static;C:\Program Files (x86)\Common Files\Acronis\SnapAPI\;E:\android-sdk\tools;E:\android-sdk\platform-tools;C:\Program Files (x86)\7ZipCL;c:\mingw\bin;C:\gradle-2.3\bin;C:\Program Files (x86)\AMD\ATI.ACE\Core-Static;C:\cygwin64\bin;C:\Program Files\dotnet\;E:\Program Files\nodejs\;E:\android-sdk\tools;E:\android-sdk\tools\bin;E:\android-sdk\platform-tools;C:\Users\rengelking\AppData\Local\atom\;C:\Users\rengelking\AppData\Local\Android\Sdk\platform-tools;E:\Program Files\MySQL\MySQL Server 5.5\bin;C:\Program Files\Microsoft SQL Server\130\Tools\Binn\;e:\Program Files\Git\cmd;C:\ProgramData\chocolatey\bin;C:\Program Files (x86)\Nmap;C:\Users\rengelking\AppData\Roaming\npm;C:\Users\rengelking\AppData\Local\atom\bin;C:\Users\rengelking\AppData\Local\.meteor\;E:\apache-maven-3.5.2\bin;."/>
    <property name="maven.conf" value="E:\apache-maven-3.5.2\bin\../conf"/>
    <property name="java.specification.name" value="Java Platform API Specification"/>
    <property name="java.class.version" value="52.0"/>
    <property name="sun.management.compiler" value="HotSpot 64-Bit Tiered Compilers"/>
    <property name="os.version" value="6.1"/>
    <property name="library.jansi.path" value="E:\apache-maven-3.5.2\bin\..\lib\jansi-native"/>
    <property name="user.home" value="C:\Users\rengelking"/>
    <property name="user.timezone" value="America/New_York"/>
    <property name="java.awt.printerjob" value="sun.awt.windows.WPrinterJob"/>
    <property name="java.specification.version" value="1.8"/>
    <property name="file.encoding" value="Cp1252"/>
    <property name="user.name" value="rengelking"/>
    <property name="java.class.path" value="E:\apache-maven-3.5.2\bin\..\boot\plexus-classworlds-2.5.2.jar"/>
    <property name="java.vm.specification.version" value="1.8"/>
    <property name="sun.arch.data.model" value="64"/>
    <property name="java.home" value="C:\Program Files\Java\jdk1.8.0_162\jre"/>
    <property name="sun.java.command" value="org.codehaus.plexus.classworlds.launcher.Launcher clean package"/>
    <property name="java.specification.vendor" value="Oracle Corporation"/>
    <property name="user.language" value="en"/>
    <property name="awt.toolkit" value="sun.awt.windows.WToolkit"/>
    <property name="java.vm.info" value="mixed mode"/>
    <property name="java.version" value="1.8.0_162"/>
    <property name="java.ext.dirs" value="C:\Program Files\Java\jdk1.8.0_162\jre\lib\ext;C:\Windows\Sun\Java\lib\ext"/>
    <property name="sun.boot.class.path" value="C:\Program Files\Java\jdk1.8.0_162\jre\lib\resources.jar;C:\Program Files\Java\jdk1.8.0_162\jre\lib\rt.jar;C:\Program Files\Java\jdk1.8.0_162\jre\lib\sunrsasign.jar;C:\Program Files\Java\jdk1.8.0_162\jre\lib\jsse.jar;C:\Program Files\Java\jdk1.8.0_162\jre\lib\jce.jar;C:\Program Files\Java\jdk1.8.0_162\jre\lib\charsets.jar;C:\Program Files\Java\jdk1.8.0_162\jre\lib\jfr.jar;C:\Program Files\Java\jdk1.8.0_162\jre\classes"/>
    <property name="sun.stderr.encoding" value="cp437"/>
    <property name="java.vendor" value="Oracle Corporation"/>
    <property name="maven.home" value="E:\apache-maven-3.5.2\bin\.."/>
    <property name="file.separator" value="\"/>
    <property name="java.vendor.url.bug" value="http://bugreport.sun.com/bugreport/"/>
    <property name="sun.cpu.endian" value="little"/>
    <property name="sun.io.unicode.encoding" value="UnicodeLittle"/>
    <property name="sun.stdout.encoding" value="cp437"/>
    <property name="sun.desktop" value="windows"/>
    <property name="sun.cpu.isalist" value="amd64"/>
  </properties>
  <testcase name="comparisonGreaterThan" classname="org.floj.core.AddressTest" time="0.002">
    <error message="Version code of address did not match acceptable versions for network: 0 not in [35, 8]" type="org.floj.core.WrongNetworkException">org.floj.core.WrongNetworkException: Version code of address did not match acceptable versions for network: 0 not in [35, 8]
	at org.floj.core.AddressTest.comparisonGreaterThan(AddressTest.java:245)
</error>
  </testcase>
  <testcase name="comparisonEqualTo" classname="org.floj.core.AddressTest" time="0">
    <error message="Version code of address did not match acceptable versions for network: 0 not in [35, 8]" type="org.floj.core.WrongNetworkException">org.floj.core.WrongNetworkException: Version code of address did not match acceptable versions for network: 0 not in [35, 8]
	at org.floj.core.AddressTest.comparisonEqualTo(AddressTest.java:227)
</error>
  </testcase>
  <testcase name="getNetwork" classname="org.floj.core.AddressTest" time="0.169">
    <error message="No network found for 17kzeh4N8g49GFvdDzSf8PjaPfyoD1MndL" type="org.floj.core.AddressFormatException">org.floj.core.AddressFormatException: No network found for 17kzeh4N8g49GFvdDzSf8PjaPfyoD1MndL
	at org.floj.core.AddressTest.getNetwork(AddressTest.java:124)
</error>
  </testcase>
  <testcase name="testJavaSerialization" classname="org.floj.core.AddressTest" time="0">
    <error message="Version code of address did not match acceptable versions for network: 111 not in [115, 198]" type="org.floj.core.WrongNetworkException">org.floj.core.WrongNetworkException: Version code of address did not match acceptable versions for network: 111 not in [115, 198]
	at org.floj.core.AddressTest.testJavaSerialization(AddressTest.java:51)
</error>
  </testcase>
  <testcase name="p2shAddressCreationFromKeys" classname="org.floj.core.AddressTest" time="0">
    <error message="Version code of address did not match acceptable versions for network: 128 not in [163]" type="org.floj.core.WrongNetworkException">org.floj.core.WrongNetworkException: Version code of address did not match acceptable versions for network: 128 not in [163]
	at org.floj.core.AddressTest.p2shAddressCreationFromKeys(AddressTest.java:188)
</error>
  </testcase>
  <testcase name="p2shAddress" classname="org.floj.core.AddressTest" time="0">
    <error message="Version code of address did not match acceptable versions for network: 5 not in [35, 8]" type="org.floj.core.WrongNetworkException">org.floj.core.WrongNetworkException: Version code of address did not match acceptable versions for network: 5 not in [35, 8]
	at org.floj.core.AddressTest.p2shAddress(AddressTest.java:162)
</error>
  </testcase>
  <testcase name="stringification" classname="org.floj.core.AddressTest" time="0.001">
    <failure message="expected:&lt;[n4eA2nbYqErp7H6jebchxAN59DmNpksexv]&gt; but was:&lt;[ofzZyDnhfxiKP1f5kGwytfTDfEo9f2NFp9]&gt;" type="org.junit.ComparisonFailure"><![CDATA[org.junit.ComparisonFailure: expected:<[n4eA2nbYqErp7H6jebchxAN59DmNpksexv]> but was:<[ofzZyDnhfxiKP1f5kGwytfTDfEo9f2NFp9]>
	at org.floj.core.AddressTest.stringification(AddressTest.java:70)
]]></failure>
  </testcase>
  <testcase name="getAltNetwork" classname="org.floj.core.AddressTest" time="0.091">
    <error message="No network found for 17kzeh4N8g49GFvdDzSf8PjaPfyoD1MndL" type="org.floj.core.AddressFormatException">org.floj.core.AddressFormatException: No network found for 17kzeh4N8g49GFvdDzSf8PjaPfyoD1MndL
	at org.floj.core.AddressTest.getAltNetwork(AddressTest.java:149)
</error>
  </testcase>
  <testcase name="decoding" classname="org.floj.core.AddressTest" time="0">
    <error message="Version code of address did not match acceptable versions for network: 111 not in [115, 198]" type="org.floj.core.WrongNetworkException">org.floj.core.WrongNetworkException: Version code of address did not match acceptable versions for network: 111 not in [115, 198]
	at org.floj.core.AddressTest.decoding(AddressTest.java:80)
</error>
  </testcase>
  <testcase name="cloning" classname="org.floj.core.AddressTest" time="0"/>
  <testcase name="comparisonCloneEqualTo" classname="org.floj.core.AddressTest" time="0">
    <error message="Version code of address did not match acceptable versions for network: 0 not in [35, 8]" type="org.floj.core.WrongNetworkException">org.floj.core.WrongNetworkException: Version code of address did not match acceptable versions for network: 0 not in [35, 8]
	at org.floj.core.AddressTest.comparisonCloneEqualTo(AddressTest.java:218)
</error>
  </testcase>
  <testcase name="comparisonLessThan" classname="org.floj.core.AddressTest" time="0">
    <error message="Version code of address did not match acceptable versions for network: 0 not in [35, 8]" type="org.floj.core.WrongNetworkException">org.floj.core.WrongNetworkException: Version code of address did not match acceptable versions for network: 0 not in [35, 8]
	at org.floj.core.AddressTest.comparisonLessThan(AddressTest.java:236)
</error>
  </testcase>
  <testcase name="roundtripBase58" classname="org.floj.core.AddressTest" time="0">
    <error message="No network found for 17kzeh4N8g49GFvdDzSf8PjaPfyoD1MndL" type="org.floj.core.AddressFormatException">org.floj.core.AddressFormatException: No network found for 17kzeh4N8g49GFvdDzSf8PjaPfyoD1MndL
	at org.floj.core.AddressTest.roundtripBase58(AddressTest.java:213)
</error>
  </testcase>
  <testcase name="errorPaths" classname="org.floj.core.AddressTest" time="0">
    <failure message="expected:&lt;0&gt; but was:&lt;35&gt;" type="java.lang.AssertionError"><![CDATA[java.lang.AssertionError: expected:<0> but was:<35>
	at org.floj.core.AddressTest.errorPaths(AddressTest.java:115)
]]></failure>
  </testcase>
  <testcase name="comparisonBytesVsString" classname="org.floj.core.AddressTest" time="0">
    <error message="Version code of address did not match acceptable versions for network: 0 not in [35, 8]" type="org.floj.core.WrongNetworkException">org.floj.core.WrongNetworkException: Version code of address did not match acceptable versions for network: 0 not in [35, 8]
	at org.floj.core.AddressTest.comparisonBytesVsString(AddressTest.java:255)
</error>
  </testcase>
</testsuite>