<?xml version="1.0" encoding="UTF-8"?>
<testsuite xmlns:xsi="http://www.w3.org/2001/XMLSchema-instance" xsi:schemaLocation="https://maven.apache.org/surefire/maven-surefire-plugin/xsd/surefire-test-report.xsd" name="org.bitcoinj.core.PeerTest" time="4.657" tests="96" errors="0" skipped="0" failures="0">
  <properties>
[...]
</properties>
  <testcase name="recursiveDependencyDownloadDisabled[0]" classname="org.bitcoinj.core.PeerTest" time="0.029"/>
  <testcase name="testAddConnectedEventListener[0]" classname="org.bitcoinj.core.PeerTest" time="0.136"/>
  <testcase name="acceptTimeLockedDependency[0]" classname="org.bitcoinj.core.PeerTest" time="0.071"/>
  <testcase name="timeLockedTransactionNew[0]" classname="org.bitcoinj.core.PeerTest" time="0.068"/>
  <testcase name="invDownloadTx[0]" classname="org.bitcoinj.core.PeerTest" time="0.044"/>
  <testcase name="disconnectOldVersions1[0]" classname="org.bitcoinj.core.PeerTest" time="0.038"/>
  <testcase name="rejectTimeLockedDependency[0]" classname="org.bitcoinj.core.PeerTest" time="0.067"/>
  <testcase name="invNoDownload[0]" classname="org.bitcoinj.core.PeerTest" time="0.045"/>
  <testcase name="badMessage[0]" classname="org.bitcoinj.core.PeerTest" time="0.039"/>
  <testcase name="pingPong[0]" classname="org.bitcoinj.core.PeerTest" time="0.038"/>
  <testcase name="shutdown[0]" classname="org.bitcoinj.core.PeerTest" time="0.028"/>
  <testcase name="fastCatchup[0]" classname="org.bitcoinj.core.PeerTest" time="0.045"/>
  <testcase name="chainDownloadEnd2End[0]" classname="org.bitcoinj.core.PeerTest" time="0.046"/>
  <testcase name="testAddDisconnectedEventListener[0]" classname="org.bitcoinj.core.PeerTest" time="0.039"/>
  <testcase name="exceptionListener[0]" classname="org.bitcoinj.core.PeerTest" time="0.041"/>
  <testcase name="startBlockChainDownload[0]" classname="org.bitcoinj.core.PeerTest" time="0.04"/>
  <testcase name="newBlock[0]" classname="org.bitcoinj.core.PeerTest" time="0.055"/>
  <testcase name="recursiveDependencyDownload_depthLimited[0]" classname="org.bitcoinj.core.PeerTest" time="0.038"/>
  <testcase name="getLargeBlock[0]" classname="org.bitcoinj.core.PeerTest" time="0.083"/>
  <testcase name="recursiveDependencyDownload[0]" classname="org.bitcoinj.core.PeerTest" time="0.043"/>
  <testcase name="invDownloadTxMultiPeer[0]" classname="org.bitcoinj.core.PeerTest" time="0.044"/>
  <testcase name="invTickle[0]" classname="org.bitcoinj.core.PeerTest" time="0.04"/>
  <testcase name="getBlock[0]" classname="org.bitcoinj.core.PeerTest" time="0.037"/>
  <testcase name="getUTXOs[0]" classname="org.bitcoinj.core.PeerTest" time="0.036"/>
  <testcase name="recursiveDependencyDownloadDisabled[1]" classname="org.bitcoinj.core.PeerTest" time="0.043"/>
  <testcase name="testAddConnectedEventListener[1]" classname="org.bitcoinj.core.PeerTest" time="0.059"/>
  <testcase name="acceptTimeLockedDependency[1]" classname="org.bitcoinj.core.PeerTest" time="0.101"/>
  <testcase name="timeLockedTransactionNew[1]" classname="org.bitcoinj.core.PeerTest" time="0.072"/>
  <testcase name="invDownloadTx[1]" classname="org.bitcoinj.core.PeerTest" time="0.045"/>
  <testcase name="disconnectOldVersions1[1]" classname="org.bitcoinj.core.PeerTest" time="0.066"/>
  <testcase name="rejectTimeLockedDependency[1]" classname="org.bitcoinj.core.PeerTest" time="0.069"/>
  <testcase name="invNoDownload[1]" classname="org.bitcoinj.core.PeerTest" time="0.071"/>
  <testcase name="badMessage[1]" classname="org.bitcoinj.core.PeerTest" time="0.044"/>
  <testcase name="pingPong[1]" classname="org.bitcoinj.core.PeerTest" time="0.039"/>
  <testcase name="shutdown[1]" classname="org.bitcoinj.core.PeerTest" time="0.062"/>
  <testcase name="fastCatchup[1]" classname="org.bitcoinj.core.PeerTest" time="0.044"/>
  <testcase name="chainDownloadEnd2End[1]" classname="org.bitcoinj.core.PeerTest" time="0.047"/>
  <testcase name="testAddDisconnectedEventListener[1]" classname="org.bitcoinj.core.PeerTest" time="0.037"/>
  <testcase name="exceptionListener[1]" classname="org.bitcoinj.core.PeerTest" time="0.04"/>
  <testcase name="startBlockChainDownload[1]" classname="org.bitcoinj.core.PeerTest" time="0.04"/>
  <testcase name="newBlock[1]" classname="org.bitcoinj.core.PeerTest" time="0.039"/>
  <testcase name="recursiveDependencyDownload_depthLimited[1]" classname="org.bitcoinj.core.PeerTest" time="0.038"/>
  <testcase name="getLargeBlock[1]" classname="org.bitcoinj.core.PeerTest" time="0.099"/>
  <testcase name="recursiveDependencyDownload[1]" classname="org.bitcoinj.core.PeerTest" time="0.041"/>
  <testcase name="invDownloadTxMultiPeer[1]" classname="org.bitcoinj.core.PeerTest" time="0.044"/>
  <testcase name="invTickle[1]" classname="org.bitcoinj.core.PeerTest" time="0.039"/>
  <testcase name="getBlock[1]" classname="org.bitcoinj.core.PeerTest" time="0.037"/>
  <testcase name="getUTXOs[1]" classname="org.bitcoinj.core.PeerTest" time="0.036"/>
  <testcase name="recursiveDependencyDownloadDisabled[2]" classname="org.bitcoinj.core.PeerTest" time="0.049"/>
  <testcase name="testAddConnectedEventListener[2]" classname="org.bitcoinj.core.PeerTest" time="0.036"/>
  <testcase name="acceptTimeLockedDependency[2]" classname="org.bitcoinj.core.PeerTest" time="0.067"/>
  <testcase name="timeLockedTransactionNew[2]" classname="org.bitcoinj.core.PeerTest" time="0.076"/>
  <testcase name="invDownloadTx[2]" classname="org.bitcoinj.core.PeerTest" time="0.036"/>
  <testcase name="disconnectOldVersions1[2]" classname="org.bitcoinj.core.PeerTest" time="0.035"/>
  <testcase name="rejectTimeLockedDependency[2]" classname="org.bitcoinj.core.PeerTest" time="0.077"/>
  <testcase name="invNoDownload[2]" classname="org.bitcoinj.core.PeerTest" time="0.04"/>
  <testcase name="badMessage[2]" classname="org.bitcoinj.core.PeerTest" time="0.047"/>
  <testcase name="pingPong[2]" classname="org.bitcoinj.core.PeerTest" time="0.039"/>
  <testcase name="shutdown[2]" classname="org.bitcoinj.core.PeerTest" time="0.036"/>
  <testcase name="fastCatchup[2]" classname="org.bitcoinj.core.PeerTest" time="0.043"/>
  <testcase name="chainDownloadEnd2End[2]" classname="org.bitcoinj.core.PeerTest" time="0.049"/>
  <testcase name="testAddDisconnectedEventListener[2]" classname="org.bitcoinj.core.PeerTest" time="0.039"/>
  <testcase name="exceptionListener[2]" classname="org.bitcoinj.core.PeerTest" time="0.039"/>
  <testcase name="startBlockChainDownload[2]" classname="org.bitcoinj.core.PeerTest" time="0.039"/>
  <testcase name="newBlock[2]" classname="org.bitcoinj.core.PeerTest" time="0.041"/>
  <testcase name="recursiveDependencyDownload_depthLimited[2]" classname="org.bitcoinj.core.PeerTest" time="0.042"/>
  <testcase name="getLargeBlock[2]" classname="org.bitcoinj.core.PeerTest" time="0.079"/>
  <testcase name="recursiveDependencyDownload[2]" classname="org.bitcoinj.core.PeerTest" time="0.041"/>
  <testcase name="invDownloadTxMultiPeer[2]" classname="org.bitcoinj.core.PeerTest" time="0.044"/>
  <testcase name="invTickle[2]" classname="org.bitcoinj.core.PeerTest" time="0.039"/>
  <testcase name="getBlock[2]" classname="org.bitcoinj.core.PeerTest" time="0.04"/>
  <testcase name="getUTXOs[2]" classname="org.bitcoinj.core.PeerTest" time="0.043"/>
  <testcase name="recursiveDependencyDownloadDisabled[3]" classname="org.bitcoinj.core.PeerTest" time="0.038"/>
  <testcase name="testAddConnectedEventListener[3]" classname="org.bitcoinj.core.PeerTest" time="0.035"/>
  <testcase name="acceptTimeLockedDependency[3]" classname="org.bitcoinj.core.PeerTest" time="0.068"/>
  <testcase name="timeLockedTransactionNew[3]" classname="org.bitcoinj.core.PeerTest" time="0.073"/>
  <testcase name="invDownloadTx[3]" classname="org.bitcoinj.core.PeerTest" time="0.038"/>
  <testcase name="disconnectOldVersions1[3]" classname="org.bitcoinj.core.PeerTest" time="0.034"/>
  <testcase name="rejectTimeLockedDependency[3]" classname="org.bitcoinj.core.PeerTest" time="0.074"/>
  <testcase name="invNoDownload[3]" classname="org.bitcoinj.core.PeerTest" time="0.037"/>
  <testcase name="badMessage[3]" classname="org.bitcoinj.core.PeerTest" time="0.035"/>
  <testcase name="pingPong[3]" classname="org.bitcoinj.core.PeerTest" time="0.036"/>
  <testcase name="shutdown[3]" classname="org.bitcoinj.core.PeerTest" time="0.036"/>
  <testcase name="fastCatchup[3]" classname="org.bitcoinj.core.PeerTest" time="0.039"/>
  <testcase name="chainDownloadEnd2End[3]" classname="org.bitcoinj.core.PeerTest" time="0.046"/>
  <testcase name="testAddDisconnectedEventListener[3]" classname="org.bitcoinj.core.PeerTest" time="0.04"/>
  <testcase name="exceptionListener[3]" classname="org.bitcoinj.core.PeerTest" time="0.037"/>
  <testcase name="startBlockChainDownload[3]" classname="org.bitcoinj.core.PeerTest" time="0.04"/>
  <testcase name="newBlock[3]" classname="org.bitcoinj.core.PeerTest" time="0.036"/>
  <testcase name="recursiveDependencyDownload_depthLimited[3]" classname="org.bitcoinj.core.PeerTest" time="0.043"/>
  <testcase name="getLargeBlock[3]" classname="org.bitcoinj.core.PeerTest" time="0.077"/>
  <testcase name="recursiveDependencyDownload[3]" classname="org.bitcoinj.core.PeerTest" time="0.04"/>
  <testcase name="invDownloadTxMultiPeer[3]" classname="org.bitcoinj.core.PeerTest" time="0.042"/>
  <testcase name="invTickle[3]" classname="org.bitcoinj.core.PeerTest" time="0.04"/>
  <testcase name="getBlock[3]" classname="org.bitcoinj.core.PeerTest" time="0.036"/>
  <testcase name="getUTXOs[3]" classname="org.bitcoinj.core.PeerTest" time="0.039"/>
</testsuite>