<?xml version="1.0" encoding="UTF-8"?>
<testsuite xmlns:xsi="http://www.w3.org/2001/XMLSchema-instance" xsi:schemaLocation="https://maven.apache.org/surefire/maven-surefire-plugin/xsd/surefire-test-report.xsd" name="org.floj.core.BlockTest" time="0.009" tests="11" errors="9" skipped="0" failures="2">
  <properties>
[...]
</properties>
  <testcase name="testBadTransactions" classname="org.floj.core.BlockTest" time="0">
    <error message="Claimed value length too large: 50331647" type="org.floj.core.ProtocolException">org.floj.core.ProtocolException: Claimed value length too large: 50331647
	at org.floj.core.BlockTest.testBadTransactions(BlockTest.java:127)
</error>
    <system-err><![CDATA[16:34:58 1 Context.<init>: Creating bitcoinj 0.14.7 context.
]]></system-err>
  </testcase>
  <testcase name="testReceiveCoinbaseTransaction" classname="org.floj.core.BlockTest" time="0">
    <error type="java.lang.NullPointerException">java.lang.NullPointerException
	at org.floj.core.BlockTest.testReceiveCoinbaseTransaction(BlockTest.java:231)
</error>
    <system-err><![CDATA[16:34:58 1 Context.<init>: Creating bitcoinj 0.14.7 context.
]]></system-err>
  </testcase>
  <testcase name="isBIPs" classname="org.floj.core.BlockTest" time="0">
    <error type="java.lang.NullPointerException">java.lang.NullPointerException
	at org.floj.core.BlockTest.isBIPs(BlockTest.java:270)
</error>
    <system-err><![CDATA[16:34:58 1 Context.<init>: Creating bitcoinj 0.14.7 context.
]]></system-err>
  </testcase>
  <testcase name="testProofOfWork" classname="org.floj.core.BlockTest" time="0">
    <error message="Claimed value length too large: 50331647" type="org.floj.core.ProtocolException">org.floj.core.ProtocolException: Claimed value length too large: 50331647
	at org.floj.core.BlockTest.testProofOfWork(BlockTest.java:98)
</error>
    <system-err><![CDATA[16:34:58 1 Context.<init>: Creating bitcoinj 0.14.7 context.
]]></system-err>
  </testcase>
  <testcase name="testDate" classname="org.floj.core.BlockTest" time="0">
    <error message="Claimed value length too large: 50331647" type="org.floj.core.ProtocolException">org.floj.core.ProtocolException: Claimed value length too large: 50331647
	at org.floj.core.BlockTest.testDate(BlockTest.java:90)
</error>
    <system-err><![CDATA[16:34:58 1 Context.<init>: Creating bitcoinj 0.14.7 context.
]]></system-err>
  </testcase>
  <testcase name="testWork" classname="org.floj.core.BlockTest" time="0">
    <failure message="expected:&lt;536879104&gt; but was:&lt;1048592&gt;" type="java.lang.AssertionError"><![CDATA[java.lang.AssertionError: expected:<536879104> but was:<1048592>
	at org.floj.core.BlockTest.testWork(BlockTest.java:77)
]]></failure>
    <system-err><![CDATA[16:34:58 1 Context.<init>: Creating bitcoinj 0.14.7 context.
]]></system-err>
  </testcase>
  <testcase name="testCoinbaseHeightTestnet" classname="org.floj.core.BlockTest" time="0.001">
    <error type="java.lang.NullPointerException">java.lang.NullPointerException
	at org.floj.core.BlockTest.testCoinbaseHeightTestnet(BlockTest.java:199)
</error>
    <system-err><![CDATA[16:34:58 1 Context.<init>: Creating bitcoinj 0.14.7 context.
]]></system-err>
  </testcase>
  <testcase name="testUpdateLength" classname="org.floj.core.BlockTest" time="0.005">
    <failure message="expected:&lt;71&gt; but was:&lt;72&gt;" type="java.lang.AssertionError"><![CDATA[java.lang.AssertionError: expected:<71> but was:<72>
	at org.floj.core.BlockTest.testUpdateLength(BlockTest.java:175)
]]></failure>
    <system-err><![CDATA[16:34:58 1 Context.<init>: Creating bitcoinj 0.14.7 context.
]]></system-err>
  </testcase>
  <testcase name="testHeaderParse" classname="org.floj.core.BlockTest" time="0">
    <error message="Claimed value length too large: 50331647" type="org.floj.core.ProtocolException">org.floj.core.ProtocolException: Claimed value length too large: 50331647
	at org.floj.core.BlockTest.testHeaderParse(BlockTest.java:143)
</error>
    <system-err><![CDATA[16:34:58 1 Context.<init>: Creating bitcoinj 0.14.7 context.
]]></system-err>
  </testcase>
  <testcase name="testBlockVerification" classname="org.floj.core.BlockTest" time="0.001">
    <error message="Claimed value length too large: 50331647" type="org.floj.core.ProtocolException">org.floj.core.ProtocolException: Claimed value length too large: 50331647
	at org.floj.core.BlockTest.testBlockVerification(BlockTest.java:82)
</error>
    <system-err><![CDATA[16:34:58 1 Context.<init>: Creating bitcoinj 0.14.7 context.
]]></system-err>
  </testcase>
  <testcase name="testFLOSerialization" classname="org.floj.core.BlockTest" time="0">
    <error message="Claimed value length too large: 50331647" type="org.floj.core.ProtocolException">org.floj.core.ProtocolException: Claimed value length too large: 50331647
	at org.floj.core.BlockTest.testFLOSerialization(BlockTest.java:155)
</error>
    <system-err><![CDATA[16:34:58 1 Context.<init>: Creating bitcoinj 0.14.7 context.
]]></system-err>
  </testcase>
</testsuite>